#
# There is insufficient memory for the Java Runtime Environment to continue.
# Native memory allocation (malloc) failed to allocate 968336 bytes for Chunk::new
# Possible reasons:
#   The system is out of physical RAM or swap space
#   In 32 bit mode, the process size limit was hit
# Possible solutions:
#   Reduce memory load on the system
#   Increase physical memory or swap space
#   Check if swap backing store is full
#   Use 64 bit Java on a 64 bit OS
#   Decrease Java heap size (-Xmx/-Xms)
#   Decrease number of Java threads
#   Decrease Java thread stack sizes (-Xss)
#   Set larger code cache with -XX:ReservedCodeCacheSize=
# This output file may be truncated or incomplete.
#
#  Out of Memory Error (allocation.cpp:390), pid=64, tid=0x0000000000001338
#
# JRE version: OpenJDK Runtime Environment (8.0_152-b01) (build 1.8.0_152-release-1343-b01)
# Java VM: OpenJDK 64-Bit Server VM (25.152-b01 mixed mode windows-amd64 compressed oops)
# Failed to write core dump. Minidumps are not enabled by default on client versions of Windows
#

---------------  T H R E A D  ---------------

Current thread (0x00000000163c9000):  JavaThread "C2 CompilerThread0" daemon [_thread_in_native, id=4920, stack(0x0000000017400000,0x0000000017500000)]

Stack: [0x0000000017400000,0x0000000017500000]
[error occurred during error reporting (printing stack bounds), id 0xc0000005]

Native frames: (J=compiled Java code, j=interpreted, Vv=VM code, C=native code)


Current CompileTask:
C2: 109640 12696 %     4       com.sun.tools.javac.jvm.ClassWriter::writeCode @ 362 (922 bytes)


---------------  P R O C E S S  ---------------

Java Threads: ( => current thread )
  0x0000000021de7000 JavaThread "Cache worker for Java compile cache (F:\MyAccountsProjects\VechicleServiceApp\.gradle\5.1.1\javaCompile)" [_thread_blocked, id=8620, stack(0x00000000230b0000,0x00000000231b0000)]
  0x0000000021de2000 JavaThread "Cache worker for Java compile cache (C:\Users\Admin\.gradle\caches\5.1.1\javaCompile)" [_thread_blocked, id=8936, stack(0x0000000022fb0000,0x00000000230b0000)]
  0x000000001cc9d800 JavaThread "stdout" daemon [_thread_in_native, id=2816, stack(0x0000000022eb0000,0x0000000022fb0000)]
  0x000000001cc9c000 JavaThread "stderr" daemon [_thread_in_native, id=10184, stack(0x0000000022db0000,0x0000000022eb0000)]
  0x000000001cc98800 JavaThread "pool-2-thread-1" [_thread_blocked, id=3272, stack(0x0000000021cd0000,0x0000000021dd0000)]
  0x000000001cc9e800 JavaThread "Cache worker for execution history cache (F:\MyAccountsProjects\VechicleServiceApp\.gradle\5.1.1\executionHistory)" [_thread_blocked, id=7444, stack(0x00000000213d0000,0x00000000214d0000)]
  0x000000001cc90800 JavaThread "Execution worker for ':'" [_thread_in_Java, id=6220, stack(0x0000000021130000,0x0000000021230000)]
  0x000000001cc97800 JavaThread "Cache worker for file content cache (F:\MyAccountsProjects\VechicleServiceApp\.gradle\5.1.1\fileContent)" [_thread_blocked, id=8336, stack(0x0000000020cc0000,0x0000000020dc0000)]
  0x000000001cc90000 JavaThread "Cache worker for file content cache (C:\Users\Admin\.gradle\caches\5.1.1\fileContent)" [_thread_blocked, id=4740, stack(0x0000000020bc0000,0x0000000020cc0000)]
  0x000000001cc94800 JavaThread "Memory manager" [_thread_blocked, id=6600, stack(0x0000000020ac0000,0x0000000020bc0000)]
  0x000000001cc96000 JavaThread "Cache worker for Build Output Cleanup Cache (F:\MyAccountsProjects\VechicleServiceApp\.gradle\buildOutputCleanup)" [_thread_blocked, id=5560, stack(0x000000001f5c0000,0x000000001f6c0000)]
  0x000000001cc91800 JavaThread "pool-1-thread-1" [_thread_blocked, id=2624, stack(0x000000001f2c0000,0x000000001f3c0000)]
  0x000000001cc8f000 JavaThread "Build operations Thread 2" [_thread_blocked, id=7540, stack(0x000000001efc0000,0x000000001f0c0000)]
  0x000000001cc93000 JavaThread "Build operations" [_thread_blocked, id=10024, stack(0x000000001eec0000,0x000000001efc0000)]
  0x000000001cc92000 JavaThread "Cache worker for execution history cache (C:\Users\Admin\.gradle\caches\5.1.1\executionHistory)" [_thread_blocked, id=8300, stack(0x000000001e8c0000,0x000000001e9c0000)]
  0x00000000181eb000 JavaThread "Cache worker for cache directory md-rule (C:\Users\Admin\.gradle\caches\5.1.1\md-rule)" [_thread_blocked, id=7440, stack(0x000000001e7c0000,0x000000001e8c0000)]
  0x00000000181ea800 JavaThread "Cache worker for cache directory md-supplier (C:\Users\Admin\.gradle\caches\5.1.1\md-supplier)" [_thread_blocked, id=8112, stack(0x000000001e6c0000,0x000000001e7c0000)]
  0x00000000181e6800 JavaThread "Cache worker for file hash cache (F:\MyAccountsProjects\VechicleServiceApp\.gradle\5.1.1\fileHashes)" [_thread_blocked, id=9936, stack(0x000000001ba20000,0x000000001bb20000)]
  0x00000000181e5000 JavaThread "Cache worker for journal cache (C:\Users\Admin\.gradle\caches\journal-1)" [_thread_blocked, id=3096, stack(0x000000001a750000,0x000000001a850000)]
  0x00000000181ec000 JavaThread "File lock request listener" [_thread_in_native, id=9296, stack(0x000000001a650000,0x000000001a750000)]
  0x00000000181e0800 JavaThread "Cache worker for file hash cache (C:\Users\Admin\.gradle\caches\5.1.1\fileHashes)" [_thread_blocked, id=1052, stack(0x000000001a550000,0x000000001a650000)]
  0x000000001809d800 JavaThread "Thread-8" [_thread_blocked, id=9420, stack(0x000000001a450000,0x000000001a550000)]
  0x0000000017eeb800 JavaThread "Asynchronous log dispatcher for DefaultDaemonConnection: socket connection from /127.0.0.1:50816 to /127.0.0.1:50817" [_thread_blocked, id=8692, stack(0x000000001a250000,0x000000001a350000)]
  0x0000000017ee4800 JavaThread "Daemon worker" [_thread_blocked, id=10020, stack(0x000000001a150000,0x000000001a250000)]
  0x0000000017f0d800 JavaThread "Cancel handler" [_thread_blocked, id=4292, stack(0x000000001a050000,0x000000001a150000)]
  0x000000001829d000 JavaThread "Handler for socket connection from /127.0.0.1:50816 to /127.0.0.1:50817" [_thread_in_native, id=9368, stack(0x0000000019d50000,0x0000000019e50000)]
  0x000000001829c800 JavaThread "Daemon periodic checks" [_thread_blocked, id=1988, stack(0x0000000019c50000,0x0000000019d50000)]
  0x0000000017e83800 JavaThread "Daemon" [_thread_blocked, id=9696, stack(0x0000000019b50000,0x0000000019c50000)]
  0x00000000179c0000 JavaThread "Incoming local TCP Connector on port 50816" [_thread_in_native, id=9084, stack(0x0000000019910000,0x0000000019a10000)]
  0x000000001643e000 JavaThread "Service Thread" daemon [_thread_blocked, id=4004, stack(0x0000000017600000,0x0000000017700000)]
  0x00000000163cb800 JavaThread "C1 CompilerThread1" daemon [_thread_blocked, id=5900, stack(0x0000000017500000,0x0000000017600000)]
=>0x00000000163c9000 JavaThread "C2 CompilerThread0" daemon [_thread_in_native, id=4920, stack(0x0000000017400000,0x0000000017500000)]
  0x00000000163c6800 JavaThread "Attach Listener" daemon [_thread_blocked, id=896, stack(0x0000000017300000,0x0000000017400000)]
  0x0000000002b9e800 JavaThread "Signal Dispatcher" daemon [_thread_blocked, id=2656, stack(0x0000000017200000,0x0000000017300000)]
  0x00000000163b7800 JavaThread "Finalizer" daemon [_thread_blocked, id=5812, stack(0x0000000017000000,0x0000000017100000)]
  0x0000000002b8d000 JavaThread "Reference Handler" daemon [_thread_blocked, id=6432, stack(0x0000000016f00000,0x0000000017000000)]
  0x0000000002c9e800 JavaThread "main" [_thread_blocked, id=408, stack(0x0000000002950000,0x0000000002a50000)]

Other Threads:
  0x0000000016395800 VMThread [stack: 0x0000000016e00000,0x0000000016f00000] [id=6300]
  0x0000000016441000 WatcherThread [stack: 0x0000000017700000,0x0000000017800000] [id=5032]

VM state:not at safepoint (normal execution)

VM Mutex/Monitor currently owned by a thread: None

Heap:
 PSYoungGen      total 243712K, used 48954K [0x00000000e0000000, 0x00000000f4700000, 0x0000000100000000)
  eden space 221696K, 22% used [0x00000000e0000000,0x00000000e2fce9d8,0x00000000ed880000)
  from space 22016K, 0% used [0x00000000f3180000,0x00000000f3180000,0x00000000f4700000)
  to   space 19968K, 0% used [0x00000000ed880000,0x00000000ed880000,0x00000000eec00000)
 ParOldGen       total 109568K, used 109439K [0x00000000a0000000, 0x00000000a6b00000, 0x00000000e0000000)
  object space 109568K, 99% used [0x00000000a0000000,0x00000000a6adffa0,0x00000000a6b00000)
 Metaspace       used 76216K, capacity 78564K, committed 78808K, reserved 1118208K
  class space    used 9859K, capacity 10412K, committed 10496K, reserved 1048576K

Card table byte_map: [0x0000000012060000,0x0000000012370000] byte_map_base: 0x0000000011b60000

Marking Bits: (ParMarkBitMap*) 0x0000000073cf5aa0
 Begin Bits: [0x0000000012770000, 0x0000000013f70000)
 End Bits:   [0x0000000013f70000, 0x0000000015770000)

Polling page: 0x0000000000e50000

CodeCache: size=245760Kb used=36953Kb max_used=37711Kb free=208806Kb
 bounds [0x0000000002ca0000, 0x00000000051a0000, 0x0000000011ca0000]
 total_blobs=11824 nmethods=10958 adapters=779
 compilation: enabled

Compilation events (10 events):
Event: 109.629 Thread 0x00000000163cb800 12762       2       com.sun.tools.javac.code.Types$SameTypeVisitor::visitForAll (77 bytes)
Event: 109.630 Thread 0x00000000163cb800 nmethod 12762 0x0000000003bec050 code [0x0000000003bec220, 0x0000000003bec6a8]
Event: 109.632 Thread 0x00000000163cb800 12763       2       com.sun.tools.javac.code.Type$ClassType$1::baseType (8 bytes)
Event: 109.632 Thread 0x00000000163cb800 nmethod 12763 0x0000000003bc30d0 code [0x0000000003bc3220, 0x0000000003bc3370]
Event: 109.632 Thread 0x00000000163cb800 12764       2       com.sun.tools.javac.jvm.Code$State::pop1 (70 bytes)
Event: 109.633 Thread 0x00000000163cb800 nmethod 12764 0x00000000048e7c90 code [0x00000000048e7e20, 0x00000000048e8158]
Event: 109.633 Thread 0x00000000163cb800 12766       2       com.sun.tools.javac.jvm.Gen::makeStringBuffer (49 bytes)
Event: 109.633 Thread 0x00000000163cb800 nmethod 12766 0x00000000044fc710 code [0x00000000044fc8a0, 0x00000000044fcad8]
Event: 109.633 Thread 0x00000000163cb800 12767       2       com.sun.tools.javac.jvm.Gen::bufferToString (21 bytes)
Event: 109.634 Thread 0x00000000163cb800 nmethod 12767 0x0000000003bebc50 code [0x0000000003bebdc0, 0x0000000003bebf48]

GC Heap History (10 events):
Event: 70.767 GC heap before
{Heap before GC invocations=15 (full 3):
 PSYoungGen      total 183808K, used 168960K [0x00000000e0000000, 0x00000000efc00000, 0x0000000100000000)
  eden space 168960K, 100% used [0x00000000e0000000,0x00000000ea500000,0x00000000ea500000)
  from space 14848K, 0% used [0x00000000ea500000,0x00000000ea500000,0x00000000eb380000)
  to   space 16384K, 0% used [0x00000000eec00000,0x00000000eec00000,0x00000000efc00000)
 ParOldGen       total 107520K, used 37572K [0x00000000a0000000, 0x00000000a6900000, 0x00000000e0000000)
  object space 107520K, 34% used [0x00000000a0000000,0x00000000a24b1250,0x00000000a6900000)
 Metaspace       used 65668K, capacity 67770K, committed 67928K, reserved 1107968K
  class space    used 8809K, capacity 9319K, committed 9344K, reserved 1048576K
Event: 70.818 GC heap after
Heap after GC invocations=15 (full 3):
 PSYoungGen      total 238080K, used 16374K [0x00000000e0000000, 0x00000000f0400000, 0x0000000100000000)
  eden space 221696K, 0% used [0x00000000e0000000,0x00000000e0000000,0x00000000ed880000)
  from space 16384K, 99% used [0x00000000eec00000,0x00000000efbfd8a0,0x00000000efc00000)
  to   space 19968K, 0% used [0x00000000ed880000,0x00000000ed880000,0x00000000eec00000)
 ParOldGen       total 107520K, used 41658K [0x00000000a0000000, 0x00000000a6900000, 0x00000000e0000000)
  object space 107520K, 38% used [0x00000000a0000000,0x00000000a28aeb30,0x00000000a6900000)
 Metaspace       used 65668K, capacity 67770K, committed 67928K, reserved 1107968K
  class space    used 8809K, capacity 9319K, committed 9344K, reserved 1048576K
}
Event: 100.447 GC heap before
{Heap before GC invocations=16 (full 3):
 PSYoungGen      total 238080K, used 238070K [0x00000000e0000000, 0x00000000f0400000, 0x0000000100000000)
  eden space 221696K, 100% used [0x00000000e0000000,0x00000000ed880000,0x00000000ed880000)
  from space 16384K, 99% used [0x00000000eec00000,0x00000000efbfd8a0,0x00000000efc00000)
  to   space 19968K, 0% used [0x00000000ed880000,0x00000000ed880000,0x00000000eec00000)
 ParOldGen       total 107520K, used 41658K [0x00000000a0000000, 0x00000000a6900000, 0x00000000e0000000)
  object space 107520K, 38% used [0x00000000a0000000,0x00000000a28aeb30,0x00000000a6900000)
 Metaspace       used 73008K, capacity 75332K, committed 75480K, reserved 1114112K
  class space    used 9662K, capacity 10188K, committed 10240K, reserved 1048576K
Event: 100.532 GC heap after
Heap after GC invocations=16 (full 3):
 PSYoungGen      total 241664K, used 18521K [0x00000000e0000000, 0x00000000f4700000, 0x0000000100000000)
  eden space 221696K, 0% used [0x00000000e0000000,0x00000000e0000000,0x00000000ed880000)
  from space 19968K, 92% used [0x00000000ed880000,0x00000000eea967e8,0x00000000eec00000)
  to   space 22016K, 0% used [0x00000000f3180000,0x00000000f3180000,0x00000000f4700000)
 ParOldGen       total 107520K, used 56674K [0x00000000a0000000, 0x00000000a6900000, 0x00000000e0000000)
  object space 107520K, 52% used [0x00000000a0000000,0x00000000a3758ab0,0x00000000a6900000)
 Metaspace       used 73008K, capacity 75332K, committed 75480K, reserved 1114112K
  class space    used 9662K, capacity 10188K, committed 10240K, reserved 1048576K
}
Event: 103.959 GC heap before
{Heap before GC invocations=17 (full 3):
 PSYoungGen      total 241664K, used 240217K [0x00000000e0000000, 0x00000000f4700000, 0x0000000100000000)
  eden space 221696K, 100% used [0x00000000e0000000,0x00000000ed880000,0x00000000ed880000)
  from space 19968K, 92% used [0x00000000ed880000,0x00000000eea967e8,0x00000000eec00000)
  to   space 22016K, 0% used [0x00000000f3180000,0x00000000f3180000,0x00000000f4700000)
 ParOldGen       total 107520K, used 56674K [0x00000000a0000000, 0x00000000a6900000, 0x00000000e0000000)
  object space 107520K, 52% used [0x00000000a0000000,0x00000000a3758ab0,0x00000000a6900000)
 Metaspace       used 74738K, capacity 77098K, committed 77400K, reserved 1116160K
  class space    used 9785K, capacity 10349K, committed 10368K, reserved 1048576K
Event: 104.125 GC heap after
Heap after GC invocations=17 (full 3):
 PSYoungGen      total 243712K, used 21994K [0x00000000e0000000, 0x00000000f4700000, 0x0000000100000000)
  eden space 221696K, 0% used [0x00000000e0000000,0x00000000e0000000,0x00000000ed880000)
  from space 22016K, 99% used [0x00000000f3180000,0x00000000f46faae0,0x00000000f4700000)
  to   space 19968K, 0% used [0x00000000ed880000,0x00000000ed880000,0x00000000eec00000)
 ParOldGen       total 109568K, used 109448K [0x00000000a0000000, 0x00000000a6b00000, 0x00000000e0000000)
  object space 109568K, 99% used [0x00000000a0000000,0x00000000a6ae2178,0x00000000a6b00000)
 Metaspace       used 74738K, capacity 77098K, committed 77400K, reserved 1116160K
  class space    used 9785K, capacity 10349K, committed 10368K, reserved 1048576K
}
Event: 104.125 GC heap before
{Heap before GC invocations=18 (full 4):
 PSYoungGen      total 243712K, used 21994K [0x00000000e0000000, 0x00000000f4700000, 0x0000000100000000)
  eden space 221696K, 0% used [0x00000000e0000000,0x00000000e0000000,0x00000000ed880000)
  from space 22016K, 99% used [0x00000000f3180000,0x00000000f46faae0,0x00000000f4700000)
  to   space 19968K, 0% used [0x00000000ed880000,0x00000000ed880000,0x00000000eec00000)
 ParOldGen       total 109568K, used 109448K [0x00000000a0000000, 0x00000000a6b00000, 0x00000000e0000000)
  object space 109568K, 99% used [0x00000000a0000000,0x00000000a6ae2178,0x00000000a6b00000)
 Metaspace       used 74738K, capacity 77098K, committed 77400K, reserved 1116160K
  class space    used 9785K, capacity 10349K, committed 10368K, reserved 1048576K
Event: 104.850 GC heap after
Heap after GC invocations=18 (full 4):
 PSYoungGen      total 243712K, used 6580K [0x00000000e0000000, 0x00000000f4700000, 0x0000000100000000)
  eden space 221696K, 0% used [0x00000000e0000000,0x00000000e0000000,0x00000000ed880000)
  from space 22016K, 29% used [0x00000000f3180000,0x00000000f37ed208,0x00000000f4700000)
  to   space 19968K, 0% used [0x00000000ed880000,0x00000000ed880000,0x00000000eec00000)
 ParOldGen       total 109568K, used 109295K [0x00000000a0000000, 0x00000000a6b00000, 0x00000000e0000000)
  object space 109568K, 99% used [0x00000000a0000000,0x00000000a6abbd70,0x00000000a6b00000)
 Metaspace       used 74736K, capacity 77092K, committed 77400K, reserved 1116160K
  class space    used 9785K, capacity 10348K, committed 10368K, reserved 1048576K
}
Event: 108.645 GC heap before
{Heap before GC invocations=19 (full 5):
 PSYoungGen      total 243712K, used 228276K [0x00000000e0000000, 0x00000000f4700000, 0x0000000100000000)
  eden space 221696K, 100% used [0x00000000e0000000,0x00000000ed880000,0x00000000ed880000)
  from space 22016K, 29% used [0x00000000f3180000,0x00000000f37ed208,0x00000000f4700000)
  to   space 19968K, 0% used [0x00000000ed880000,0x00000000ed880000,0x00000000eec00000)
 ParOldGen       total 109568K, used 109295K [0x00000000a0000000, 0x00000000a6b00000, 0x00000000e0000000)
  object space 109568K, 99% used [0x00000000a0000000,0x00000000a6abbd70,0x00000000a6b00000)
 Metaspace       used 76212K, capacity 78564K, committed 78808K, reserved 1118208K
  class space    used 9859K, capacity 10412K, committed 10496K, reserved 1048576K
Event: 109.559 GC heap after
Heap after GC invocations=19 (full 5):
 PSYoungGen      total 243712K, used 40482K [0x00000000e0000000, 0x00000000f4700000, 0x0000000100000000)
  eden space 221696K, 18% used [0x00000000e0000000,0x00000000e2788908,0x00000000ed880000)
  from space 22016K, 0% used [0x00000000f3180000,0x00000000f3180000,0x00000000f4700000)
  to   space 19968K, 0% used [0x00000000ed880000,0x00000000ed880000,0x00000000eec00000)
 ParOldGen       total 109568K, used 109439K [0x00000000a0000000, 0x00000000a6b00000, 0x00000000e0000000)
  object space 109568K, 99% used [0x00000000a0000000,0x00000000a6adffa0,0x00000000a6b00000)
 Metaspace       used 76212K, capacity 78564K, committed 78808K, reserved 1118208K
  class space    used 9859K, capacity 10412K, committed 10496K, reserved 1048576K
}

Deoptimization events (10 events):
Event: 108.032 Thread 0x000000001cc90800 Uncommon trap: reason=class_check action=maybe_recompile pc=0x000000000512a0c8 method=com.sun.tools.javac.code.Types$SignatureGenerator.assembleSig(Lcom/sun/tools/javac/code/Type;)V @ 210
Event: 108.059 Thread 0x000000001cc90800 Uncommon trap: reason=speculate_class_check action=maybe_recompile pc=0x00000000050ed4b8 method=com.sun.tools.javac.util.ArrayUtils.ensureCapacity([Ljava/lang/Object;I)[Ljava/lang/Object; @ 39
Event: 108.063 Thread 0x000000001cc90800 Uncommon trap: reason=speculate_class_check action=maybe_recompile pc=0x00000000050ed4b8 method=com.sun.tools.javac.util.ArrayUtils.ensureCapacity([Ljava/lang/Object;I)[Ljava/lang/Object; @ 39
Event: 108.147 Thread 0x000000001cc90800 Uncommon trap: reason=unstable_if action=reinterpret pc=0x000000000514d138 method=com.sun.tools.javac.code.Symbol$MethodSymbol.overrides(Lcom/sun/tools/javac/code/Symbol;Lcom/sun/tools/javac/code/Symbol$TypeSymbol;Lcom/sun/tools/javac/code/Types;Z)Z @ 43
Event: 108.183 Thread 0x000000001cc90800 Uncommon trap: reason=bimorphic action=maybe_recompile pc=0x0000000004a9cb48 method=com.sun.tools.javac.code.Type$ClassType.isErroneous()Z @ 1
Event: 108.184 Thread 0x000000001cc90800 Uncommon trap: reason=class_check action=maybe_recompile pc=0x0000000004425214 method=com.sun.tools.javac.code.Types.capture(Lcom/sun/tools/javac/code/Type;)Lcom/sun/tools/javac/code/Type; @ 558
Event: 108.464 Thread 0x000000001cc90800 Uncommon trap: reason=unstable_if action=reinterpret pc=0x000000000461df80 method=java.lang.Integer.getChars(II[C)V @ 7
Event: 108.626 Thread 0x000000001cc90800 Uncommon trap: reason=unstable_if action=reinterpret pc=0x0000000004860ef0 method=com.sun.tools.javac.jvm.Pool.put(Ljava/lang/Object;)I @ 80
Event: 109.565 Thread 0x000000001cc90800 Uncommon trap: reason=bimorphic action=maybe_recompile pc=0x0000000004a9cb48 method=com.sun.tools.javac.code.Type$ClassType.isErroneous()Z @ 1
Event: 109.566 Thread 0x000000001cc90800 Uncommon trap: reason=class_check action=maybe_recompile pc=0x0000000004425214 method=com.sun.tools.javac.code.Types.capture(Lcom/sun/tools/javac/code/Type;)Lcom/sun/tools/javac/code/Type; @ 558

Classes redefined (0 events):
No events

Internal exceptions (10 events):
Event: 61.401 Thread 0x0000000017ee4800 Implicit null exception at 0x0000000004135d58 to 0x0000000004135e8d
Event: 62.947 Thread 0x0000000017ee4800 Implicit null exception at 0x00000000030db822 to 0x00000000030dbd59
Event: 70.437 Thread 0x000000001809d800 Exception <a 'java/lang/NoSuchMethodError': <clinit>> (0x00000000e9e9f248) thrown at [D:\src\AOSP-openjdk-cygwin\jdk8u\hotspot\src\share\vm\prims\jni.cpp, line 1613]
Event: 70.438 Thread 0x000000001809d800 Implicit null exception at 0x000000000424c2bb to 0x000000000425592d
Event: 74.683 Thread 0x0000000017ee4800 Implicit null exception at 0x0000000003b935de to 0x0000000003b93761
Event: 74.928 Thread 0x0000000017ee4800 Implicit null exception at 0x00000000044632bf to 0x00000000044634dd
Event: 76.394 Thread 0x0000000017ee4800 Exception <a 'java/lang/NoSuchMethodError': <clinit>> (0x00000000e6b4c408) thrown at [D:\src\AOSP-openjdk-cygwin\jdk8u\hotspot\src\share\vm\prims\jni.cpp, line 1613]
Event: 76.810 Thread 0x0000000017ee4800 Exception <a 'java/lang/NoSuchMethodError': java.lang.Object.lambda$negate$1(Ljava/lang/Object;)Z> (0x00000000e743ab78) thrown at [D:\src\AOSP-openjdk-cygwin\jdk8u\hotspot\src\share\vm\interpreter\linkResolver.cpp, line 584]
Event: 101.336 Thread 0x000000001cc90800 Exception <a 'java/io/FileNotFoundException'> (0x00000000e53524a8) thrown at [D:\src\AOSP-openjdk-cygwin\jdk8u\hotspot\src\share\vm\prims\jni.cpp, line 709]
Event: 103.769 Thread 0x000000001cc90800 Implicit null exception at 0x0000000004a335d1 to 0x0000000004a33951

Events (10 events):
Event: 108.626 Thread 0x000000001cc90800 DEOPT PACKING pc=0x0000000004860ef0 sp=0x000000002122a5a0
Event: 108.626 Thread 0x000000001cc90800 DEOPT UNPACKING pc=0x0000000002ce557b sp=0x000000002122a5c0 mode 2
Event: 108.645 Executing VM operation: ParallelGCFailedAllocation
Event: 109.559 Executing VM operation: ParallelGCFailedAllocation done
Event: 109.565 Thread 0x000000001cc90800 Uncommon trap: trap_request=0xffffffc6 fr.pc=0x0000000004a9cb48
Event: 109.565 Thread 0x000000001cc90800 DEOPT PACKING pc=0x0000000004a9cb48 sp=0x0000000021229360
Event: 109.565 Thread 0x000000001cc90800 DEOPT UNPACKING pc=0x0000000002ce557b sp=0x0000000021229310 mode 2
Event: 109.566 Thread 0x000000001cc90800 Uncommon trap: trap_request=0xffffffde fr.pc=0x0000000004425214
Event: 109.566 Thread 0x000000001cc90800 DEOPT PACKING pc=0x0000000004425214 sp=0x0000000021229de0
Event: 109.566 Thread 0x000000001cc90800 DEOPT UNPACKING pc=0x0000000002ce557b sp=0x0000000021229d88 mode 2


Dynamic libraries:
0x00007ff7d1da0000 - 0x00007ff7d1dd1000 	C:\Program Files\Android\Android Studio\jre\bin\java.exe
0x00007ff94cd80000 - 0x00007ff94cf6d000 	C:\WINDOWS\SYSTEM32\ntdll.dll
0x00007ff94a3e0000 - 0x00007ff94a493000 	C:\WINDOWS\System32\KERNEL32.DLL
0x00007ff948e40000 - 0x00007ff9490d3000 	C:\WINDOWS\System32\KERNELBASE.dll
0x00007ff94c920000 - 0x00007ff94c9c3000 	C:\WINDOWS\System32\ADVAPI32.dll
0x00007ff94a4a0000 - 0x00007ff94a53e000 	C:\WINDOWS\System32\msvcrt.dll
0x00007ff94a210000 - 0x00007ff94a2ae000 	C:\WINDOWS\System32\sechost.dll
0x00007ff94a7b0000 - 0x00007ff94a8d2000 	C:\WINDOWS\System32\RPCRT4.dll
0x00007ff949fb0000 - 0x00007ff94a147000 	C:\WINDOWS\System32\USER32.dll
0x00007ff949110000 - 0x00007ff949130000 	C:\WINDOWS\System32\win32u.dll
0x00007ff94cc00000 - 0x00007ff94cc29000 	C:\WINDOWS\System32\GDI32.dll
0x00007ff949130000 - 0x00007ff9492c9000 	C:\WINDOWS\System32\gdi32full.dll
0x00007ff9492d0000 - 0x00007ff949370000 	C:\WINDOWS\System32\msvcp_win.dll
0x00007ff949cc0000 - 0x00007ff949dba000 	C:\WINDOWS\System32\ucrtbase.dll
0x00007ff932360000 - 0x00007ff9325d9000 	C:\WINDOWS\WinSxS\amd64_microsoft.windows.common-controls_6595b64144ccf1df_6.0.17763.914_none_05b346b2072102f2\COMCTL32.dll
0x00007ff94c170000 - 0x00007ff94c49c000 	C:\WINDOWS\System32\combase.dll
0x00007ff949e20000 - 0x00007ff949e9e000 	C:\WINDOWS\System32\bcryptPrimitives.dll
0x00007ff94a600000 - 0x00007ff94a62e000 	C:\WINDOWS\System32\IMM32.DLL
0x0000000073370000 - 0x0000000073442000 	C:\Program Files\Android\Android Studio\jre\jre\bin\msvcr100.dll
0x0000000073530000 - 0x0000000073d71000 	C:\Program Files\Android\Android Studio\jre\jre\bin\server\jvm.dll
0x00007ff94ac60000 - 0x00007ff94ac68000 	C:\WINDOWS\System32\PSAPI.DLL
0x00007ff930950000 - 0x00007ff930959000 	C:\WINDOWS\SYSTEM32\WSOCK32.dll
0x00007ff9461e0000 - 0x00007ff946204000 	C:\WINDOWS\SYSTEM32\WINMM.dll
0x00007ff94cc30000 - 0x00007ff94cc9d000 	C:\WINDOWS\System32\WS2_32.dll
0x00007ff943f10000 - 0x00007ff943f1a000 	C:\WINDOWS\SYSTEM32\VERSION.dll
0x00007ff9461b0000 - 0x00007ff9461dd000 	C:\WINDOWS\SYSTEM32\WINMMBASE.dll
0x00007ff949f50000 - 0x00007ff949f9a000 	C:\WINDOWS\System32\cfgmgr32.dll
0x00007ff92ebf0000 - 0x00007ff92ebff000 	C:\Program Files\Android\Android Studio\jre\jre\bin\verify.dll
0x00007ff92a810000 - 0x00007ff92a839000 	C:\Program Files\Android\Android Studio\jre\jre\bin\java.dll
0x00007ff92d1a0000 - 0x00007ff92d1b6000 	C:\Program Files\Android\Android Studio\jre\jre\bin\zip.dll
0x00007ff94ac70000 - 0x00007ff94c164000 	C:\WINDOWS\System32\SHELL32.dll
0x00007ff94cca0000 - 0x00007ff94cd48000 	C:\WINDOWS\System32\shcore.dll
0x00007ff949370000 - 0x00007ff949abd000 	C:\WINDOWS\System32\windows.storage.dll
0x00007ff948e10000 - 0x00007ff948e34000 	C:\WINDOWS\System32\profapi.dll
0x00007ff948d90000 - 0x00007ff948ded000 	C:\WINDOWS\System32\powrprof.dll
0x00007ff94a150000 - 0x00007ff94a1a2000 	C:\WINDOWS\System32\shlwapi.dll
0x00007ff948d70000 - 0x00007ff948d81000 	C:\WINDOWS\System32\kernel.appcore.dll
0x00007ff949ac0000 - 0x00007ff949ad7000 	C:\WINDOWS\System32\cryptsp.dll
0x00007ff92c710000 - 0x00007ff92c72a000 	C:\Program Files\Android\Android Studio\jre\jre\bin\net.dll
0x00007ff9485e0000 - 0x00007ff948647000 	C:\WINDOWS\system32\mswsock.dll
0x00007ff92c3c0000 - 0x00007ff92c3d1000 	C:\Program Files\Android\Android Studio\jre\jre\bin\nio.dll
0x00007ff93a890000 - 0x00007ff93a8ae000 	C:\Users\Admin\.gradle\native\25\windows-amd64\native-platform.dll
0x00007ff946ec0000 - 0x00007ff946ecd000 	C:\Program Files\Android\Android Studio\jre\jre\bin\management.dll
0x00007ff948160000 - 0x00007ff948193000 	C:\WINDOWS\system32\rsaenh.dll
0x00007ff9490e0000 - 0x00007ff949106000 	C:\WINDOWS\System32\bcrypt.dll
0x00007ff948c70000 - 0x00007ff948c98000 	C:\WINDOWS\SYSTEM32\USERENV.dll
0x00007ff9487b0000 - 0x00007ff9487bc000 	C:\WINDOWS\SYSTEM32\CRYPTBASE.dll
0x00007ff948300000 - 0x00007ff94833d000 	C:\WINDOWS\SYSTEM32\IPHLPAPI.DLL
0x00007ff94a540000 - 0x00007ff94a548000 	C:\WINDOWS\System32\NSI.dll
0x00007ff93f410000 - 0x00007ff93f426000 	C:\WINDOWS\SYSTEM32\dhcpcsvc6.DLL
0x00007ff93f3f0000 - 0x00007ff93f40c000 	C:\WINDOWS\SYSTEM32\dhcpcsvc.DLL
0x00007ff948390000 - 0x00007ff948456000 	C:\WINDOWS\SYSTEM32\DNSAPI.dll
0x00007ff920950000 - 0x00007ff920974000 	C:\Program Files\Android\Android Studio\jre\jre\bin\sunec.dll
0x00007ff93b5d0000 - 0x00007ff93b5da000 	C:\Windows\System32\rasadhlp.dll
0x00007ff93e520000 - 0x00007ff93e599000 	C:\WINDOWS\System32\fwpuclnt.dll
0x00007ff946220000 - 0x00007ff94622b000 	C:\Program Files\Android\Android Studio\jre\jre\bin\sunmscapi.dll
0x00007ff949ae0000 - 0x00007ff949cbb000 	C:\WINDOWS\System32\CRYPT32.dll
0x00007ff948df0000 - 0x00007ff948e02000 	C:\WINDOWS\System32\MSASN1.dll

VM Arguments:
jvm_args: -Xmx1536m -Dfile.encoding=windows-1252 -Duser.country=IN -Duser.language=en -Duser.variant 
java_command: org.gradle.launcher.daemon.bootstrap.GradleDaemon 5.1.1
java_class_path (initial): C:\Users\Admin\.gradle\wrapper\dists\gradle-5.1.1-all\97z1ksx6lirer3kbvdnh7jtjg\gradle-5.1.1\lib\gradle-launcher-5.1.1.jar
Launcher Type: SUN_STANDARD

Environment Variables:
PATH=C:\Python27\;C:\Python27\Scripts;"C:\Program Files (x86)\Common Files\Oracle\Java\javapath;E:\flutter\bin;C:\Program Files (x86)\Common Files\Oracle\Java\javapath";C:\Program Files (x86)\Intel\iCLS Client\;C:\Program Files\Intel\iCLS Client\;C:\WINDOWS\system32;C:\WINDOWS;C:\WINDOWS\System32\Wbem;C:\WINDOWS\System32\WindowsPowerShell\v1.0\;C:\Program Files (x86)\Intel\Intel(R) Management Engine Components\DAL;C:\Program Files\Intel\Intel(R) Management Engine Components\DAL;C:\Program Files (x86)\Intel\Intel(R) Management Engine Components\IPT;C:\Program Files\Intel\Intel(R) Management Engine Components\IPT;C:\WINDOWS\System32\OpenSSH\;F:\ReactNative\;C:\ProgramData\chocolatey\bin;C:\Users\Admin\AppData\Local\Microsoft\WindowsApps;;C:\Users\Admin\AppData\Local\Programs\Microsoft VS Code\bin;C:\Users\Admin\AppData\Roaming\npm
USERNAME=Admin
OS=Windows_NT
PROCESSOR_IDENTIFIER=Intel64 Family 6 Model 94 Stepping 3, GenuineIntel



---------------  S Y S T E M  ---------------

OS: Windows 10.0 , 64 bit Build 17763 (10.0.17763.475)

CPU:total 2 (initial active 2) (2 cores per cpu, 1 threads per core) family 6 model 94 stepping 3, cmov, cx8, fxsr, mmx, sse, sse2, sse3, ssse3, sse4.1, sse4.2, popcnt, aes, clmul, erms, 3dnowpref, lzcnt, tsc, tscinvbit

Memory: 4k page, physical 8299960k(978308k free), swap 23595828k(2068k free)

vm_info: OpenJDK 64-Bit Server VM (25.152-b01) for windows-amd64 JRE (1.8.0_152-release-1343-b01), built by "builder" with MS VC++ 10.0 (VS2010)

time: Fri Jan 10 11:50:09 2020
elapsed time: 109 seconds (0d 0h 1m 49s)

