#
# There is insufficient memory for the Java Runtime Environment to continue.
# Native memory allocation (malloc) failed to allocate 1380976 bytes for Chunk::new
# Possible reasons:
#   The system is out of physical RAM or swap space
#   In 32 bit mode, the process size limit was hit
# Possible solutions:
#   Reduce memory load on the system
#   Increase physical memory or swap space
#   Check if swap backing store is full
#   Use 64 bit Java on a 64 bit OS
#   Decrease Java heap size (-Xmx/-Xms)
#   Decrease number of Java threads
#   Decrease Java thread stack sizes (-Xss)
#   Set larger code cache with -XX:ReservedCodeCacheSize=
# This output file may be truncated or incomplete.
#
#  Out of Memory Error (allocation.cpp:390), pid=6016, tid=0x0000000000001274
#
# JRE version: OpenJDK Runtime Environment (8.0_152-b01) (build 1.8.0_152-release-1343-b01)
# Java VM: OpenJDK 64-Bit Server VM (25.152-b01 mixed mode windows-amd64 compressed oops)
# Failed to write core dump. Minidumps are not enabled by default on client versions of Windows
#

---------------  T H R E A D  ---------------

Current thread (0x0000000016719000):  JavaThread "C2 CompilerThread0" daemon [_thread_in_native, id=4724, stack(0x0000000017760000,0x0000000017860000)]

Stack: [0x0000000017760000,0x0000000017860000]
[error occurred during error reporting (printing stack bounds), id 0xc0000005]

Native frames: (J=compiled Java code, j=interpreted, Vv=VM code, C=native code)


Current CompileTask:
C2:   4812 2905       4       groovy.lang.MetaClassImpl$1MOPIter::methodNameAction (325 bytes)


---------------  P R O C E S S  ---------------

Java Threads: ( => current thread )
  0x000000001cd95000 JavaThread "Build operations Thread 2" [_thread_blocked, id=4376, stack(0x000000001f4c0000,0x000000001f5c0000)]
  0x000000001cd96800 JavaThread "Build operations" [_thread_blocked, id=9076, stack(0x000000001f3c0000,0x000000001f4c0000)]
  0x000000001cd94000 JavaThread "Cache worker for execution history cache (C:\Users\Admin\.gradle\caches\5.1.1\executionHistory)" [_thread_blocked, id=4288, stack(0x000000001ec50000,0x000000001ed50000)]
  0x000000001965c000 JavaThread "Cache worker for cache directory md-rule (C:\Users\Admin\.gradle\caches\5.1.1\md-rule)" [_thread_blocked, id=4276, stack(0x000000001eb50000,0x000000001ec50000)]
  0x000000001965b000 JavaThread "Cache worker for cache directory md-supplier (C:\Users\Admin\.gradle\caches\5.1.1\md-supplier)" [_thread_blocked, id=3256, stack(0x000000001ea50000,0x000000001eb50000)]
  0x0000000019655800 JavaThread "Cache worker for file hash cache (F:\MyAccountsProjects\VechicleServiceApp\.gradle\5.1.1\fileHashes)" [_thread_blocked, id=5460, stack(0x000000001bdb0000,0x000000001beb0000)]
  0x0000000019658000 JavaThread "Cache worker for journal cache (C:\Users\Admin\.gradle\caches\journal-1)" [_thread_blocked, id=2988, stack(0x000000001bab0000,0x000000001bbb0000)]
  0x0000000019655000 JavaThread "File lock request listener" [_thread_in_native, id=9032, stack(0x000000001b9b0000,0x000000001bab0000)]
  0x0000000018fc4800 JavaThread "Cache worker for file hash cache (C:\Users\Admin\.gradle\caches\5.1.1\fileHashes)" [_thread_blocked, id=3784, stack(0x000000001b8b0000,0x000000001b9b0000)]
  0x0000000018b35800 JavaThread "Thread-8" [_thread_blocked, id=4232, stack(0x000000001b7b0000,0x000000001b8b0000)]
  0x0000000018b4b000 JavaThread "Stdin handler" [_thread_blocked, id=2204, stack(0x000000001b6b0000,0x000000001b7b0000)]
  0x0000000018b33000 JavaThread "Asynchronous log dispatcher for DefaultDaemonConnection: socket connection from /127.0.0.1:50869 to /127.0.0.1:50870" [_thread_blocked, id=6504, stack(0x000000001b5b0000,0x000000001b6b0000)]
  0x0000000018b89800 JavaThread "Daemon worker" [_thread_in_vm, id=3144, stack(0x000000001b2b0000,0x000000001b3b0000)]
  0x0000000018b82800 JavaThread "Cancel handler" [_thread_blocked, id=208, stack(0x000000001b1b0000,0x000000001b2b0000)]
  0x0000000018977000 JavaThread "Handler for socket connection from /127.0.0.1:50869 to /127.0.0.1:50870" [_thread_in_native, id=7848, stack(0x000000001b0b0000,0x000000001b1b0000)]
  0x0000000018b79800 JavaThread "Daemon" [_thread_blocked, id=3020, stack(0x000000001afb0000,0x000000001b0b0000)]
  0x0000000018b76000 JavaThread "Daemon periodic checks" [_thread_blocked, id=1468, stack(0x000000001aeb0000,0x000000001afb0000)]
  0x0000000017f66000 JavaThread "Incoming local TCP Connector on port 50869" [_thread_in_native, id=8872, stack(0x0000000019730000,0x0000000019830000)]
  0x000000001678d800 JavaThread "Service Thread" daemon [_thread_blocked, id=9924, stack(0x0000000017960000,0x0000000017a60000)]
  0x000000001671b000 JavaThread "C1 CompilerThread1" daemon [_thread_blocked, id=9160, stack(0x0000000017860000,0x0000000017960000)]
=>0x0000000016719000 JavaThread "C2 CompilerThread0" daemon [_thread_in_native, id=4724, stack(0x0000000017760000,0x0000000017860000)]
  0x0000000016716800 JavaThread "Attach Listener" daemon [_thread_blocked, id=8296, stack(0x0000000017660000,0x0000000017760000)]
  0x0000000002fee800 JavaThread "Signal Dispatcher" daemon [_thread_blocked, id=1952, stack(0x0000000017560000,0x0000000017660000)]
  0x0000000016707800 JavaThread "Finalizer" daemon [_thread_blocked, id=2060, stack(0x0000000017360000,0x0000000017460000)]
  0x0000000002fde000 JavaThread "Reference Handler" daemon [_thread_blocked, id=5992, stack(0x0000000017260000,0x0000000017360000)]
  0x00000000015ae800 JavaThread "main" [_thread_blocked, id=9536, stack(0x0000000002df0000,0x0000000002ef0000)]

Other Threads:
  0x00000000166e4800 VMThread [stack: 0x0000000017160000,0x0000000017260000] [id=5672]
  0x0000000016798800 WatcherThread [stack: 0x0000000017a60000,0x0000000017b60000] [id=9628]

VM state:not at safepoint (normal execution)

VM Mutex/Monitor currently owned by a thread: None

Heap:
 PSYoungGen      total 71680K, used 53141K [0x00000000e0000000, 0x00000000e7a00000, 0x0000000100000000)
  eden space 66560K, 72% used [0x00000000e0000000,0x00000000e2ee5740,0x00000000e4100000)
  from space 5120K, 100% used [0x00000000e4100000,0x00000000e4600000,0x00000000e4600000)
  to   space 11264K, 0% used [0x00000000e6f00000,0x00000000e6f00000,0x00000000e7a00000)
 ParOldGen       total 63488K, used 15671K [0x00000000a0000000, 0x00000000a3e00000, 0x00000000e0000000)
  object space 63488K, 24% used [0x00000000a0000000,0x00000000a0f4dd40,0x00000000a3e00000)
 Metaspace       used 34161K, capacity 34738K, committed 35200K, reserved 1079296K
  class space    used 4710K, capacity 4892K, committed 4992K, reserved 1048576K

Card table byte_map: [0x00000000123b0000,0x00000000126c0000] byte_map_base: 0x0000000011eb0000

Marking Bits: (ParMarkBitMap*) 0x0000000073cf5aa0
 Begin Bits: [0x0000000012ac0000, 0x00000000142c0000)
 End Bits:   [0x00000000142c0000, 0x0000000015ac0000)

Polling page: 0x00000000014e0000

CodeCache: size=245760Kb used=10684Kb max_used=10684Kb free=235075Kb
 bounds [0x0000000002ff0000, 0x0000000003a70000, 0x0000000011ff0000]
 total_blobs=3711 nmethods=3022 adapters=603
 compilation: enabled

Compilation events (10 events):
Event: 4.777 Thread 0x000000001671b000 3023       3       sun.net.www.protocol.file.Handler::createFileURLConnection (10 bytes)
Event: 4.778 Thread 0x000000001671b000 nmethod 3023 0x0000000003a62910 code [0x0000000003a62a80, 0x0000000003a62c68]
Event: 4.778 Thread 0x000000001671b000 3024       3       sun.net.www.URLConnection::<init> (22 bytes)
Event: 4.778 Thread 0x000000001671b000 nmethod 3024 0x0000000003a62d10 code [0x0000000003a62ea0, 0x0000000003a63198]
Event: 4.784 Thread 0x000000001671b000 3025       1       com.google.common.collect.MapMakerInternalMap$StrongKeyWeakValueSegment::access$100 (5 bytes)
Event: 4.784 Thread 0x000000001671b000 nmethod 3025 0x0000000003a632d0 code [0x0000000003a63420, 0x0000000003a63510]
Event: 4.786 Thread 0x000000001671b000 3026       3       com.google.common.collect.MapMakerInternalMap$StrongKeyWeakValueSegment::self (5 bytes)
Event: 4.786 Thread 0x000000001671b000 nmethod 3026 0x0000000003a637d0 code [0x0000000003a63920, 0x0000000003a63b50]
Event: 4.796 Thread 0x000000001671b000 3027       3       org.gradle.internal.classloader.FilteringClassLoader$TrieSet::find (9 bytes)
Event: 4.796 Thread 0x000000001671b000 nmethod 3027 0x0000000003a63c10 code [0x0000000003a63d80, 0x0000000003a63f28]

GC Heap History (10 events):
Event: 2.070 GC heap before
{Heap before GC invocations=4 (full 0):
 PSYoungGen      total 38400K, used 38388K [0x00000000e0000000, 0x00000000e4b00000, 0x0000000100000000)
  eden space 33280K, 100% used [0x00000000e0000000,0x00000000e2080000,0x00000000e2080000)
  from space 5120K, 99% used [0x00000000e2080000,0x00000000e257d290,0x00000000e2580000)
  to   space 5120K, 0% used [0x00000000e4600000,0x00000000e4600000,0x00000000e4b00000)
 ParOldGen       total 87552K, used 1864K [0x00000000a0000000, 0x00000000a5580000, 0x00000000e0000000)
  object space 87552K, 2% used [0x00000000a0000000,0x00000000a01d2368,0x00000000a5580000)
 Metaspace       used 16247K, capacity 16584K, committed 16896K, reserved 1062912K
  class space    used 2321K, capacity 2478K, committed 2560K, reserved 1048576K
Event: 2.086 GC heap after
Heap after GC invocations=4 (full 0):
 PSYoungGen      total 71680K, used 5088K [0x00000000e0000000, 0x00000000e4b00000, 0x0000000100000000)
  eden space 66560K, 0% used [0x00000000e0000000,0x00000000e0000000,0x00000000e4100000)
  from space 5120K, 99% used [0x00000000e4600000,0x00000000e4af8040,0x00000000e4b00000)
  to   space 5120K, 0% used [0x00000000e4100000,0x00000000e4100000,0x00000000e4600000)
 ParOldGen       total 87552K, used 5033K [0x00000000a0000000, 0x00000000a5580000, 0x00000000e0000000)
  object space 87552K, 5% used [0x00000000a0000000,0x00000000a04ea568,0x00000000a5580000)
 Metaspace       used 16247K, capacity 16584K, committed 16896K, reserved 1062912K
  class space    used 2321K, capacity 2478K, committed 2560K, reserved 1048576K
}
Event: 2.581 GC heap before
{Heap before GC invocations=5 (full 0):
 PSYoungGen      total 71680K, used 42359K [0x00000000e0000000, 0x00000000e4b00000, 0x0000000100000000)
  eden space 66560K, 55% used [0x00000000e0000000,0x00000000e2465f50,0x00000000e4100000)
  from space 5120K, 99% used [0x00000000e4600000,0x00000000e4af8040,0x00000000e4b00000)
  to   space 5120K, 0% used [0x00000000e4100000,0x00000000e4100000,0x00000000e4600000)
 ParOldGen       total 87552K, used 5033K [0x00000000a0000000, 0x00000000a5580000, 0x00000000e0000000)
  object space 87552K, 5% used [0x00000000a0000000,0x00000000a04ea568,0x00000000a5580000)
 Metaspace       used 20709K, capacity 21044K, committed 21248K, reserved 1067008K
  class space    used 2853K, capacity 2998K, committed 3072K, reserved 1048576K
Event: 2.593 GC heap after
Heap after GC invocations=5 (full 0):
 PSYoungGen      total 71680K, used 5092K [0x00000000e0000000, 0x00000000e4b00000, 0x0000000100000000)
  eden space 66560K, 0% used [0x00000000e0000000,0x00000000e0000000,0x00000000e4100000)
  from space 5120K, 99% used [0x00000000e4100000,0x00000000e45f9070,0x00000000e4600000)
  to   space 5120K, 0% used [0x00000000e4600000,0x00000000e4600000,0x00000000e4b00000)
 ParOldGen       total 87552K, used 9636K [0x00000000a0000000, 0x00000000a5580000, 0x00000000e0000000)
  object space 87552K, 11% used [0x00000000a0000000,0x00000000a09691d0,0x00000000a5580000)
 Metaspace       used 20709K, capacity 21044K, committed 21248K, reserved 1067008K
  class space    used 2853K, capacity 2998K, committed 3072K, reserved 1048576K
}
Event: 2.593 GC heap before
{Heap before GC invocations=6 (full 1):
 PSYoungGen      total 71680K, used 5092K [0x00000000e0000000, 0x00000000e4b00000, 0x0000000100000000)
  eden space 66560K, 0% used [0x00000000e0000000,0x00000000e0000000,0x00000000e4100000)
  from space 5120K, 99% used [0x00000000e4100000,0x00000000e45f9070,0x00000000e4600000)
  to   space 5120K, 0% used [0x00000000e4600000,0x00000000e4600000,0x00000000e4b00000)
 ParOldGen       total 87552K, used 9636K [0x00000000a0000000, 0x00000000a5580000, 0x00000000e0000000)
  object space 87552K, 11% used [0x00000000a0000000,0x00000000a09691d0,0x00000000a5580000)
 Metaspace       used 20709K, capacity 21044K, committed 21248K, reserved 1067008K
  class space    used 2853K, capacity 2998K, committed 3072K, reserved 1048576K
Event: 2.636 GC heap after
Heap after GC invocations=6 (full 1):
 PSYoungGen      total 71680K, used 0K [0x00000000e0000000, 0x00000000e4b00000, 0x0000000100000000)
  eden space 66560K, 0% used [0x00000000e0000000,0x00000000e0000000,0x00000000e4100000)
  from space 5120K, 0% used [0x00000000e4100000,0x00000000e4100000,0x00000000e4600000)
  to   space 5120K, 0% used [0x00000000e4600000,0x00000000e4600000,0x00000000e4b00000)
 ParOldGen       total 63488K, used 9763K [0x00000000a0000000, 0x00000000a3e00000, 0x00000000e0000000)
  object space 63488K, 15% used [0x00000000a0000000,0x00000000a0988d40,0x00000000a3e00000)
 Metaspace       used 20709K, capacity 21044K, committed 21248K, reserved 1067008K
  class space    used 2853K, capacity 2998K, committed 3072K, reserved 1048576K
}
Event: 3.529 GC heap before
{Heap before GC invocations=7 (full 1):
 PSYoungGen      total 71680K, used 66560K [0x00000000e0000000, 0x00000000e4b00000, 0x0000000100000000)
  eden space 66560K, 100% used [0x00000000e0000000,0x00000000e4100000,0x00000000e4100000)
  from space 5120K, 0% used [0x00000000e4100000,0x00000000e4100000,0x00000000e4600000)
  to   space 5120K, 0% used [0x00000000e4600000,0x00000000e4600000,0x00000000e4b00000)
 ParOldGen       total 63488K, used 9763K [0x00000000a0000000, 0x00000000a3e00000, 0x00000000e0000000)
  object space 63488K, 15% used [0x00000000a0000000,0x00000000a0988d40,0x00000000a3e00000)
 Metaspace       used 28369K, capacity 28792K, committed 29056K, reserved 1075200K
  class space    used 3805K, capacity 3949K, committed 3968K, reserved 1048576K
Event: 3.541 GC heap after
Heap after GC invocations=7 (full 1):
 PSYoungGen      total 71680K, used 5107K [0x00000000e0000000, 0x00000000e4b00000, 0x0000000100000000)
  eden space 66560K, 0% used [0x00000000e0000000,0x00000000e0000000,0x00000000e4100000)
  from space 5120K, 99% used [0x00000000e4600000,0x00000000e4afcf38,0x00000000e4b00000)
  to   space 5120K, 0% used [0x00000000e4100000,0x00000000e4100000,0x00000000e4600000)
 ParOldGen       total 63488K, used 12380K [0x00000000a0000000, 0x00000000a3e00000, 0x00000000e0000000)
  object space 63488K, 19% used [0x00000000a0000000,0x00000000a0c173b8,0x00000000a3e00000)
 Metaspace       used 28369K, capacity 28792K, committed 29056K, reserved 1075200K
  class space    used 3805K, capacity 3949K, committed 3968K, reserved 1048576K
}
Event: 4.016 GC heap before
{Heap before GC invocations=8 (full 1):
 PSYoungGen      total 71680K, used 71667K [0x00000000e0000000, 0x00000000e4b00000, 0x0000000100000000)
  eden space 66560K, 100% used [0x00000000e0000000,0x00000000e4100000,0x00000000e4100000)
  from space 5120K, 99% used [0x00000000e4600000,0x00000000e4afcf38,0x00000000e4b00000)
  to   space 5120K, 0% used [0x00000000e4100000,0x00000000e4100000,0x00000000e4600000)
 ParOldGen       total 63488K, used 12380K [0x00000000a0000000, 0x00000000a3e00000, 0x00000000e0000000)
  object space 63488K, 19% used [0x00000000a0000000,0x00000000a0c173b8,0x00000000a3e00000)
 Metaspace       used 31664K, capacity 32042K, committed 32512K, reserved 1077248K
  class space    used 4362K, capacity 4497K, committed 4608K, reserved 1048576K
Event: 4.026 GC heap after
Heap after GC invocations=8 (full 1):
 PSYoungGen      total 71680K, used 5120K [0x00000000e0000000, 0x00000000e7a00000, 0x0000000100000000)
  eden space 66560K, 0% used [0x00000000e0000000,0x00000000e0000000,0x00000000e4100000)
  from space 5120K, 100% used [0x00000000e4100000,0x00000000e4600000,0x00000000e4600000)
  to   space 11264K, 0% used [0x00000000e6f00000,0x00000000e6f00000,0x00000000e7a00000)
 ParOldGen       total 63488K, used 15671K [0x00000000a0000000, 0x00000000a3e00000, 0x00000000e0000000)
  object space 63488K, 24% used [0x00000000a0000000,0x00000000a0f4dd40,0x00000000a3e00000)
 Metaspace       used 31664K, capacity 32042K, committed 32512K, reserved 1077248K
  class space    used 4362K, capacity 4497K, committed 4608K, reserved 1048576K
}

Deoptimization events (10 events):
Event: 3.151 Thread 0x0000000018b89800 Uncommon trap: reason=unstable_if action=reinterpret pc=0x00000000032968f0 method=java.util.HashMap.hash(Ljava/lang/Object;)I @ 1
Event: 3.151 Thread 0x0000000018b89800 Uncommon trap: reason=unstable_if action=reinterpret pc=0x000000000343c750 method=java.util.HashMap.putVal(ILjava/lang/Object;Ljava/lang/Object;ZZ)Ljava/lang/Object; @ 85
Event: 3.206 Thread 0x0000000018b89800 Uncommon trap: reason=unstable_if action=reinterpret pc=0x00000000032c18f0 method=java.util.LinkedHashMap.afterNodeInsertion(Z)V @ 1
Event: 3.441 Thread 0x0000000018b89800 Uncommon trap: reason=class_check action=maybe_recompile pc=0x00000000035b90ac method=sun.misc.URLClassPath.getLoader(I)Lsun/misc/URLClassPath$Loader; @ 94
Event: 3.556 Thread 0x0000000018b89800 Uncommon trap: reason=unstable_if action=reinterpret pc=0x00000000032a007c method=java.io.WinNTFileSystem.resolve(Ljava/lang/String;Ljava/lang/String;)Ljava/lang/String; @ 49
Event: 4.689 Thread 0x0000000018b89800 Uncommon trap: reason=range_check action=make_not_entrant pc=0x0000000003894fa8 method=java.lang.String.charAt(I)C @ 27
Event: 4.764 Thread 0x0000000018b89800 Uncommon trap: reason=bimorphic action=maybe_recompile pc=0x00000000035a52c4 method=java.lang.ClassLoader.getPackage(Ljava/lang/String;)Ljava/lang/Package; @ 47
Event: 4.764 Thread 0x0000000018b89800 Uncommon trap: reason=bimorphic action=maybe_recompile pc=0x00000000035a52c4 method=java.lang.ClassLoader.getPackage(Ljava/lang/String;)Ljava/lang/Package; @ 47
Event: 4.764 Thread 0x0000000018b89800 Uncommon trap: reason=bimorphic action=maybe_recompile pc=0x00000000035a52c4 method=java.lang.ClassLoader.getPackage(Ljava/lang/String;)Ljava/lang/Package; @ 47
Event: 4.764 Thread 0x0000000018b89800 Uncommon trap: reason=bimorphic action=maybe_recompile pc=0x00000000035a52c4 method=java.lang.ClassLoader.getPackage(Ljava/lang/String;)Ljava/lang/Package; @ 47

Classes redefined (0 events):
No events

Internal exceptions (10 events):
Event: 4.724 Thread 0x0000000018b89800 Exception <a 'java/lang/ClassNotFoundException': org/gradle/api/internal/AbstractTaskBeanInfo> (0x00000000e26798f0) thrown at [D:\src\AOSP-openjdk-cygwin\jdk8u\hotspot\src\share\vm\classfile\systemDictionary.cpp, line 210]
Event: 4.725 Thread 0x0000000018b89800 Exception <a 'java/lang/ClassNotFoundException': org/gradle/api/internal/AbstractTaskCustomizer> (0x00000000e26a9a10) thrown at [D:\src\AOSP-openjdk-cygwin\jdk8u\hotspot\src\share\vm\classfile\systemDictionary.cpp, line 210]
Event: 4.728 Thread 0x0000000018b89800 Exception <a 'java/lang/ClassNotFoundException': org/gradle/api/DefaultTaskCustomizer> (0x00000000e2733990) thrown at [D:\src\AOSP-openjdk-cygwin\jdk8u\hotspot\src\share\vm\classfile\systemDictionary.cpp, line 210]
Event: 4.730 Thread 0x0000000018b89800 Exception <a 'java/lang/ClassNotFoundException': org/gradle/api/internal/ConventionTaskCustomizer> (0x00000000e2772df8) thrown at [D:\src\AOSP-openjdk-cygwin\jdk8u\hotspot\src\share\vm\classfile\systemDictionary.cpp, line 210]
Event: 4.732 Thread 0x0000000018b89800 Exception <a 'java/lang/ClassNotFoundException': org/gradle/api/tasks/DeleteCustomizer> (0x00000000e27aeb80) thrown at [D:\src\AOSP-openjdk-cygwin\jdk8u\hotspot\src\share\vm\classfile\systemDictionary.cpp, line 210]
Event: 4.733 Thread 0x0000000018b89800 Exception <a 'java/lang/ClassNotFoundException': org/gradle/api/tasks/Delete_DecoratedCustomizer> (0x00000000e27f77a0) thrown at [D:\src\AOSP-openjdk-cygwin\jdk8u\hotspot\src\share\vm\classfile\systemDictionary.cpp, line 210]
Event: 4.754 Thread 0x0000000018b89800 Exception <a 'java/lang/ClassNotFoundException': build_1r0izvtx9ph7j2ajquiil0d7rBeanInfo> (0x00000000e29112b0) thrown at [D:\src\AOSP-openjdk-cygwin\jdk8u\hotspot\src\share\vm\classfile\systemDictionary.cpp, line 210]
Event: 4.755 Thread 0x0000000018b89800 Exception <a 'java/lang/ClassNotFoundException': build_1r0izvtx9ph7j2ajquiil0d7rCustomizer> (0x00000000e291c508) thrown at [D:\src\AOSP-openjdk-cygwin\jdk8u\hotspot\src\share\vm\classfile\systemDictionary.cpp, line 210]
Event: 4.759 Thread 0x0000000018b89800 Exception <a 'java/lang/ClassNotFoundException': org/gradle/api/internal/plugins/DefaultObjectConfigurationActionBeanInfo> (0x00000000e298c570) thrown at [D:\src\AOSP-openjdk-cygwin\jdk8u\hotspot\src\share\vm\classfile\systemDictionary.cpp, line 210]
Event: 4.760 Thread 0x0000000018b89800 Exception <a 'java/lang/ClassNotFoundException': org/gradle/api/internal/plugins/DefaultObjectConfigurationActionCustomizer> (0x00000000e29c9ea8) thrown at [D:\src\AOSP-openjdk-cygwin\jdk8u\hotspot\src\share\vm\classfile\systemDictionary.cpp, line 210]

Events (10 events):
Event: 4.810 loading class com/google/common/collect/ImmutableList$SubList
Event: 4.810 loading class com/google/common/collect/ImmutableList$SubList done
Event: 4.810 loading class com/google/common/collect/RegularImmutableList
Event: 4.810 loading class com/google/common/collect/RegularImmutableList done
Event: 4.811 loading class com/google/common/collect/ObjectArrays
Event: 4.811 loading class com/google/common/collect/ObjectArrays done
Event: 4.811 loading class com/android/build/gradle/internal/ClasspathVerifier
Event: 4.811 loading class com/android/build/gradle/internal/ClasspathVerifier done
Event: 4.812 loading class com/google/common/util/concurrent/MoreExecutors
Event: 4.812 loading class com/google/common/util/concurrent/MoreExecutors done


Dynamic libraries:
0x00007ff7d1da0000 - 0x00007ff7d1dd1000 	C:\Program Files\Android\Android Studio\jre\bin\java.exe
0x00007ff94cd80000 - 0x00007ff94cf6d000 	C:\WINDOWS\SYSTEM32\ntdll.dll
0x00007ff94a3e0000 - 0x00007ff94a493000 	C:\WINDOWS\System32\KERNEL32.DLL
0x00007ff948e40000 - 0x00007ff9490d3000 	C:\WINDOWS\System32\KERNELBASE.dll
0x00007ff94c920000 - 0x00007ff94c9c3000 	C:\WINDOWS\System32\ADVAPI32.dll
0x00007ff94a4a0000 - 0x00007ff94a53e000 	C:\WINDOWS\System32\msvcrt.dll
0x00007ff94a210000 - 0x00007ff94a2ae000 	C:\WINDOWS\System32\sechost.dll
0x00007ff94a7b0000 - 0x00007ff94a8d2000 	C:\WINDOWS\System32\RPCRT4.dll
0x00007ff949fb0000 - 0x00007ff94a147000 	C:\WINDOWS\System32\USER32.dll
0x00007ff949110000 - 0x00007ff949130000 	C:\WINDOWS\System32\win32u.dll
0x00007ff94cc00000 - 0x00007ff94cc29000 	C:\WINDOWS\System32\GDI32.dll
0x00007ff949130000 - 0x00007ff9492c9000 	C:\WINDOWS\System32\gdi32full.dll
0x00007ff9492d0000 - 0x00007ff949370000 	C:\WINDOWS\System32\msvcp_win.dll
0x00007ff949cc0000 - 0x00007ff949dba000 	C:\WINDOWS\System32\ucrtbase.dll
0x00007ff932360000 - 0x00007ff9325d9000 	C:\WINDOWS\WinSxS\amd64_microsoft.windows.common-controls_6595b64144ccf1df_6.0.17763.914_none_05b346b2072102f2\COMCTL32.dll
0x00007ff94c170000 - 0x00007ff94c49c000 	C:\WINDOWS\System32\combase.dll
0x00007ff949e20000 - 0x00007ff949e9e000 	C:\WINDOWS\System32\bcryptPrimitives.dll
0x00007ff94a600000 - 0x00007ff94a62e000 	C:\WINDOWS\System32\IMM32.DLL
0x0000000073370000 - 0x0000000073442000 	C:\Program Files\Android\Android Studio\jre\jre\bin\msvcr100.dll
0x0000000073530000 - 0x0000000073d71000 	C:\Program Files\Android\Android Studio\jre\jre\bin\server\jvm.dll
0x00007ff94ac60000 - 0x00007ff94ac68000 	C:\WINDOWS\System32\PSAPI.DLL
0x00007ff930950000 - 0x00007ff930959000 	C:\WINDOWS\SYSTEM32\WSOCK32.dll
0x00007ff9461e0000 - 0x00007ff946204000 	C:\WINDOWS\SYSTEM32\WINMM.dll
0x00007ff94cc30000 - 0x00007ff94cc9d000 	C:\WINDOWS\System32\WS2_32.dll
0x00007ff943f10000 - 0x00007ff943f1a000 	C:\WINDOWS\SYSTEM32\VERSION.dll
0x00007ff9461b0000 - 0x00007ff9461dd000 	C:\WINDOWS\SYSTEM32\WINMMBASE.dll
0x00007ff949f50000 - 0x00007ff949f9a000 	C:\WINDOWS\System32\cfgmgr32.dll
0x00007ff92ebf0000 - 0x00007ff92ebff000 	C:\Program Files\Android\Android Studio\jre\jre\bin\verify.dll
0x00007ff92a810000 - 0x00007ff92a839000 	C:\Program Files\Android\Android Studio\jre\jre\bin\java.dll
0x00007ff92d1a0000 - 0x00007ff92d1b6000 	C:\Program Files\Android\Android Studio\jre\jre\bin\zip.dll
0x00007ff94ac70000 - 0x00007ff94c164000 	C:\WINDOWS\System32\SHELL32.dll
0x00007ff94cca0000 - 0x00007ff94cd48000 	C:\WINDOWS\System32\shcore.dll
0x00007ff949370000 - 0x00007ff949abd000 	C:\WINDOWS\System32\windows.storage.dll
0x00007ff948e10000 - 0x00007ff948e34000 	C:\WINDOWS\System32\profapi.dll
0x00007ff948d90000 - 0x00007ff948ded000 	C:\WINDOWS\System32\powrprof.dll
0x00007ff94a150000 - 0x00007ff94a1a2000 	C:\WINDOWS\System32\shlwapi.dll
0x00007ff948d70000 - 0x00007ff948d81000 	C:\WINDOWS\System32\kernel.appcore.dll
0x00007ff949ac0000 - 0x00007ff949ad7000 	C:\WINDOWS\System32\cryptsp.dll
0x00007ff92c710000 - 0x00007ff92c72a000 	C:\Program Files\Android\Android Studio\jre\jre\bin\net.dll
0x00007ff9485e0000 - 0x00007ff948647000 	C:\WINDOWS\system32\mswsock.dll
0x00007ff92c3c0000 - 0x00007ff92c3d1000 	C:\Program Files\Android\Android Studio\jre\jre\bin\nio.dll
0x00007ff93a890000 - 0x00007ff93a8ae000 	C:\Users\Admin\.gradle\native\25\windows-amd64\native-platform.dll
0x00007ff946ec0000 - 0x00007ff946ecd000 	C:\Program Files\Android\Android Studio\jre\jre\bin\management.dll
0x00007ff948160000 - 0x00007ff948193000 	C:\WINDOWS\system32\rsaenh.dll
0x00007ff9490e0000 - 0x00007ff949106000 	C:\WINDOWS\System32\bcrypt.dll
0x00007ff948c70000 - 0x00007ff948c98000 	C:\WINDOWS\SYSTEM32\USERENV.dll
0x00007ff9487b0000 - 0x00007ff9487bc000 	C:\WINDOWS\SYSTEM32\CRYPTBASE.dll
0x00007ff948300000 - 0x00007ff94833d000 	C:\WINDOWS\SYSTEM32\IPHLPAPI.DLL
0x00007ff94a540000 - 0x00007ff94a548000 	C:\WINDOWS\System32\NSI.dll
0x00007ff93f410000 - 0x00007ff93f426000 	C:\WINDOWS\SYSTEM32\dhcpcsvc6.DLL
0x00007ff93f3f0000 - 0x00007ff93f40c000 	C:\WINDOWS\SYSTEM32\dhcpcsvc.DLL
0x00007ff948390000 - 0x00007ff948456000 	C:\WINDOWS\SYSTEM32\DNSAPI.dll

VM Arguments:
jvm_args: -Xmx1536m -Dfile.encoding=windows-1252 -Duser.country=IN -Duser.language=en -Duser.variant 
java_command: org.gradle.launcher.daemon.bootstrap.GradleDaemon 5.1.1
java_class_path (initial): C:\Users\Admin\.gradle\wrapper\dists\gradle-5.1.1-all\97z1ksx6lirer3kbvdnh7jtjg\gradle-5.1.1\lib\gradle-launcher-5.1.1.jar
Launcher Type: SUN_STANDARD

Environment Variables:
PATH=C:\Python27\;C:\Python27\Scripts;"C:\Program Files (x86)\Common Files\Oracle\Java\javapath;E:\flutter\bin;C:\Program Files (x86)\Common Files\Oracle\Java\javapath";C:\Program Files (x86)\Intel\iCLS Client\;C:\Program Files\Intel\iCLS Client\;C:\WINDOWS\system32;C:\WINDOWS;C:\WINDOWS\System32\Wbem;C:\WINDOWS\System32\WindowsPowerShell\v1.0\;C:\Program Files (x86)\Intel\Intel(R) Management Engine Components\DAL;C:\Program Files\Intel\Intel(R) Management Engine Components\DAL;C:\Program Files (x86)\Intel\Intel(R) Management Engine Components\IPT;C:\Program Files\Intel\Intel(R) Management Engine Components\IPT;C:\WINDOWS\System32\OpenSSH\;F:\ReactNative\;C:\ProgramData\chocolatey\bin;C:\Users\Admin\AppData\Local\Microsoft\WindowsApps;;C:\Users\Admin\AppData\Local\Programs\Microsoft VS Code\bin;C:\Users\Admin\AppData\Roaming\npm
USERNAME=Admin
OS=Windows_NT
PROCESSOR_IDENTIFIER=Intel64 Family 6 Model 94 Stepping 3, GenuineIntel



---------------  S Y S T E M  ---------------

OS: Windows 10.0 , 64 bit Build 17763 (10.0.17763.475)

CPU:total 2 (initial active 2) (2 cores per cpu, 1 threads per core) family 6 model 94 stepping 3, cmov, cx8, fxsr, mmx, sse, sse2, sse3, ssse3, sse4.1, sse4.2, popcnt, aes, clmul, erms, 3dnowpref, lzcnt, tsc, tscinvbit

Memory: 4k page, physical 8299960k(970000k free), swap 23595828k(6396k free)

vm_info: OpenJDK 64-Bit Server VM (25.152-b01) for windows-amd64 JRE (1.8.0_152-release-1343-b01), built by "builder" with MS VC++ 10.0 (VS2010)

time: Fri Jan 10 11:52:13 2020
elapsed time: 4 seconds (0d 0h 0m 4s)

