#
# A fatal error has been detected by the Java Runtime Environment:
#
#  EXCEPTION_ACCESS_VIOLATION (0xc0000005) at pc=0x0000000052f4b4a0, pid=12756, tid=0x0000000000003098
#
# JRE version: OpenJDK Runtime Environment (8.0_212-b04) (build 1.8.0_212-release-1586-b04)
# Java VM: OpenJDK 64-Bit Server VM (25.212-b04 mixed mode windows-amd64 compressed oops)
# Problematic frame:
# V  [jvm.dll+0x8b4a0]
#
# Failed to write core dump. Minidumps are not enabled by default on client versions of Windows
#
# If you would like to submit a bug report, please visit:
#   
#

---------------  T H R E A D  ---------------

Current thread (0x000000000324c000):  GCTaskThread [stack: 0x0000000012f00000,0x0000000013000000] [id=12440]

siginfo: ExceptionCode=0xc0000005, reading address 0x0000000000000008

Registers:
RAX=0x0000000000000000, RBX=0x00000000e6e21cf8, RCX=0x00000000e6e21cf8, RDX=0x0000000000000000
RSP=0x0000000012fff8e8, RBP=0x0000000012741101, RSI=0x000000000331ba40, RDI=0x00000000aa215c68
R8 =0x000000000331ba40, R9 =0x0000000000000001, R10=0x000000000000000c, R11=0x000000000000000c
R12=0x000000001274109e, R13=0x0000000000000000, R14=0x0000000000000000, R15=0x0000000003242560
RIP=0x0000000052f4b4a0, EFLAGS=0x0000000000010246

Top of Stack: (sp=0x0000000012fff8e8)
0x0000000012fff8e8:   000000005328eb82 00000000f12e4968
0x0000000012fff8f8:   000000000331ba40 000000000331ba40
0x0000000012fff908:   00000000efe2e811 00000000eb03d090
0x0000000012fff918:   0000000000001000 00000000ab1e4598
0x0000000012fff928:   0000000000000400 0000000000000000
0x0000000012fff938:   000000000331ba00 000000001274109e
0x0000000012fff948:   000000005328eef0 00000000eb040ac4
0x0000000012fff958:   0000000012741101 000000000331ba40
0x0000000012fff968:   00000000aa215c68 00000000eb040ac4
0x0000000012fff978:   000000005328fa95 00000000f0fa62f0
0x0000000012fff988:   00000000127408ae 000000000331ba40
0x0000000012fff998:   00000000e6d3c3a2 000000000331ba40
0x0000000012fff9a8:   00007ffef0871e93 00000000a1d5b9bc
0x0000000012fff9b8:   0000000052faf8a7 000000000331ba40
0x0000000012fff9c8:   0000000052fadf83 00000000aa215aa9
0x0000000012fff9d8:   00000000aa215aa9 00000000aa215b98 

Instructions: (pc=0x0000000052f4b4a0)
0x0000000052f4b480:   1c 60 1d 00 48 8b 9c 24 c0 00 00 00 48 81 c4 b0
0x0000000052f4b490:   00 00 00 5d c3 cc cc cc cc cc cc cc cc cc cc cc
0x0000000052f4b4a0:   44 8b 42 08 4c 8b ca 45 85 c0 7e 0e 41 f6 c0 01
0x0000000052f4b4b0:   75 57 41 c1 f8 03 41 8b c0 c3 79 4d 80 3d ae 49 


Register to memory mapping:

RAX=0x0000000000000000 is an unknown value
RBX=0x00000000e6e21cf8 is an unknown value
RCX=0x00000000e6e21cf8 is an unknown value
RDX=0x0000000000000000 is an unknown value
RSP=0x0000000012fff8e8 is an unknown value
RBP=0x0000000012741101 is an unknown value
RSI=0x000000000331ba40 is an unknown value
RDI=0x00000000aa215c68 is an oop
java.lang.String 
 - klass: 'java/lang/String'
R8 =0x000000000331ba40 is an unknown value
R9 =0x0000000000000001 is an unknown value
R10=0x000000000000000c is an unknown value
R11=0x000000000000000c is an unknown value
R12=0x000000001274109e is an unknown value
R13=0x0000000000000000 is an unknown value
R14=0x0000000000000000 is an unknown value
R15=0x0000000003242560 is an unknown value


Stack: [0x0000000012f00000,0x0000000013000000],  sp=0x0000000012fff8e8,  free space=1022k
Native frames: (J=compiled Java code, j=interpreted, Vv=VM code, C=native code)
V  [jvm.dll+0x8b4a0]


---------------  P R O C E S S  ---------------

Java Threads: ( => current thread )
  0x000000001c2e4000 JavaThread "pool-2-thread-1" [_thread_blocked, id=8760, stack(0x000000001b350000,0x000000001b450000)]
  0x000000001c2e7800 JavaThread "ForkJoinPool.commonPool-worker-3" daemon [_thread_blocked, id=12772, stack(0x00000000016b0000,0x00000000017b0000)]
  0x000000001c2e6800 JavaThread "Cache worker for Build Output Cleanup Cache (D:\VechicleServiceApp(4-2-20)\VechicleServiceApp(4-2-20)\VechicleServiceApp\.gradle\buildOutputCleanup)" [_thread_blocked, id=8932, stack(0x0000000023fc0000,0x00000000240c0000)]
  0x000000001c2db000 JavaThread "Cache worker for task history cache (D:\VechicleServiceApp(4-2-20)\VechicleServiceApp(4-2-20)\VechicleServiceApp\.gradle\4.10.1\taskHistory)" [_thread_blocked, id=5600, stack(0x0000000023ec0000,0x0000000023fc0000)]
  0x000000001c2df800 JavaThread "Task worker for ':' Thread 3" [_thread_blocked, id=10008, stack(0x0000000023dc0000,0x0000000023ec0000)]
  0x000000001c2e0800 JavaThread "Task worker for ':' Thread 2" [_thread_blocked, id=6512, stack(0x0000000023cc0000,0x0000000023dc0000)]
  0x000000001c2dc800 JavaThread "Task worker for ':'" [_thread_blocked, id=4036, stack(0x0000000023bc0000,0x0000000023cc0000)]
  0x000000001c2de000 JavaThread "Cache worker for file content cache (D:\VechicleServiceApp(4-2-20)\VechicleServiceApp(4-2-20)\VechicleServiceApp\.gradle\4.10.1\fileContent)" [_thread_blocked, id=10736, stack(0x0000000023ac0000,0x0000000023bc0000)]
  0x000000001c2df000 JavaThread "Cache worker for file content cache (C:\Users\Bavadeep\.gradle\caches\4.10.1\fileContent)" [_thread_blocked, id=7248, stack(0x0000000022960000,0x0000000022a60000)]
  0x000000001c2dd800 JavaThread "Memory manager" [_thread_blocked, id=13192, stack(0x0000000021200000,0x0000000021300000)]
  0x000000001c2e2000 JavaThread "pool-1-thread-1" [_thread_blocked, id=9016, stack(0x0000000021100000,0x0000000021200000)]
  0x000000001f57c800 JavaThread "Build operations Thread 4" [_thread_blocked, id=5984, stack(0x0000000020e00000,0x0000000020f00000)]
  0x000000001f57a000 JavaThread "Build operations Thread 3" [_thread_blocked, id=8720, stack(0x0000000020d00000,0x0000000020e00000)]
  0x000000001f57d000 JavaThread "Build operations Thread 2" [_thread_blocked, id=1576, stack(0x0000000020c00000,0x0000000020d00000)]
  0x000000001f57b800 JavaThread "Build operations" [_thread_blocked, id=5360, stack(0x0000000020b00000,0x0000000020c00000)]
  0x000000001f57e000 JavaThread "Cache worker for Artifact transforms cache (C:\Users\Bavadeep\.gradle\caches\transforms-1)" [_thread_blocked, id=12676, stack(0x0000000020550000,0x0000000020650000)]
  0x000000001f579800 JavaThread "Cache worker for cache directory md-rule (C:\Users\Bavadeep\.gradle\caches\4.10.1\md-rule)" [_thread_blocked, id=496, stack(0x0000000020450000,0x0000000020550000)]
  0x000000001f578800 JavaThread "Cache worker for cache directory md-supplier (C:\Users\Bavadeep\.gradle\caches\4.10.1\md-supplier)" [_thread_blocked, id=12340, stack(0x0000000020700000,0x0000000020800000)]
  0x000000001f578000 JavaThread "Cache worker for journal cache (C:\Users\Bavadeep\.gradle\caches\journal-1)" [_thread_blocked, id=8552, stack(0x0000000020150000,0x0000000020250000)]
  0x0000000019f44000 JavaThread "Cache worker for file hash cache (D:\VechicleServiceApp(4-2-20)\VechicleServiceApp(4-2-20)\VechicleServiceApp\.gradle\4.10.1\fileHashes)" [_thread_blocked, id=10812, stack(0x000000001d7f0000,0x000000001d8f0000)]
  0x000000001881b000 JavaThread "File lock request listener" [_thread_in_native, id=8012, stack(0x000000001c720000,0x000000001c820000)]
  0x00000000191c3000 JavaThread "Cache worker for file hash cache (C:\Users\Bavadeep\.gradle\caches\4.10.1\fileHashes)" [_thread_blocked, id=8200, stack(0x000000001c620000,0x000000001c720000)]
  0x0000000018865800 JavaThread "Asynchronous log dispatcher for DefaultDaemonConnection: socket connection from /127.0.0.1:56949 to /127.0.0.1:56950" [_thread_blocked, id=10436, stack(0x000000001b250000,0x000000001b350000)]
  0x0000000018861000 JavaThread "Daemon worker" [_thread_blocked, id=5676, stack(0x000000001b150000,0x000000001b250000)]
  0x000000001885f800 JavaThread "Cancel handler" [_thread_blocked, id=12908, stack(0x000000001b050000,0x000000001b150000)]
  0x0000000018faf000 JavaThread "Handler for socket connection from /127.0.0.1:56949 to /127.0.0.1:56950" [_thread_in_native, id=7640, stack(0x000000001ad50000,0x000000001ae50000)]
  0x000000001883c800 JavaThread "Daemon" [_thread_blocked, id=11660, stack(0x000000001ac50000,0x000000001ad50000)]
  0x0000000019e24800 JavaThread "Daemon periodic checks" [_thread_blocked, id=6856, stack(0x000000001ab50000,0x000000001ac50000)]
  0x000000001880c800 JavaThread "Incoming local TCP Connector on port 56949" [_thread_in_native, id=9696, stack(0x000000001a910000,0x000000001aa10000)]
  0x0000000016cfc000 JavaThread "Service Thread" daemon [_thread_blocked, id=11324, stack(0x0000000018a00000,0x0000000018b00000)]
  0x0000000016ca8000 JavaThread "C1 CompilerThread2" daemon [_thread_blocked, id=8204, stack(0x0000000018500000,0x0000000018600000)]
  0x0000000016ca0000 JavaThread "C2 CompilerThread1" daemon [_thread_in_native, id=9288, stack(0x0000000018400000,0x0000000018500000)]
  0x0000000016c98800 JavaThread "C2 CompilerThread0" daemon [_thread_blocked, id=13288, stack(0x0000000018300000,0x0000000018400000)]
  0x0000000016ca6000 JavaThread "Attach Listener" daemon [_thread_blocked, id=9392, stack(0x0000000018200000,0x0000000018300000)]
  0x0000000016ca4800 JavaThread "Signal Dispatcher" daemon [_thread_blocked, id=6556, stack(0x0000000018100000,0x0000000018200000)]
  0x000000000332b000 JavaThread "Finalizer" daemon [_thread_blocked, id=8748, stack(0x0000000017f00000,0x0000000018000000)]
  0x0000000016c89000 JavaThread "Reference Handler" daemon [_thread_blocked, id=12828, stack(0x0000000017e00000,0x0000000017f00000)]
  0x000000000322d800 JavaThread "main" [_thread_blocked, id=9848, stack(0x00000000030b0000,0x00000000031b0000)]

Other Threads:
  0x0000000016c67000 VMThread [stack: 0x0000000017d00000,0x0000000017e00000] [id=9532]
  0x0000000016cfe000 WatcherThread [stack: 0x0000000018b00000,0x0000000018c00000] [id=11600]

=>0x000000000324c000 (exited) GCTaskThread [stack: 0x0000000012f00000,0x0000000013000000] [id=12440]

VM state:at safepoint (normal execution)

VM Mutex/Monitor currently owned by a thread:  ([mutex/lock_event])
[0x000000000322c950] Threads_lock - owner thread: 0x0000000016c67000
[0x000000000322cad0] Heap_lock - owner thread: 0x000000001c2e4000

heap address: 0x00000000a0000000, size: 1536 MB, Compressed Oops mode: 32-bit
Narrow klass base: 0x0000000000000000, Narrow klass shift: 3
Compressed class space size: 1073741824 Address: 0x0000000100000000

Heap:
 PSYoungGen      total 223232K, used 220519K [0x00000000e0000000, 0x00000000f5180000, 0x0000000100000000)
  eden space 167424K, 98% used [0x00000000e0000000,0x00000000ea0dfb10,0x00000000ea380000)
  from space 55808K, 99% used [0x00000000eed80000,0x00000000f23fa3a0,0x00000000f2400000)
  to   space 75776K, 76% used [0x00000000ea380000,0x00000000edc23e60,0x00000000eed80000)
 ParOldGen       total 330752K, used 183606K [0x00000000a0000000, 0x00000000b4300000, 0x00000000e0000000)
  object space 330752K, 55% used [0x00000000a0000000,0x00000000ab34da20,0x00000000b4300000)
 Metaspace       used 82380K, capacity 85212K, committed 85424K, reserved 1124352K
  class space    used 10712K, capacity 11325K, committed 11440K, reserved 1048576K

Card table byte_map: [0x00000000126f0000,0x0000000012a00000] byte_map_base: 0x00000000121f0000

Marking Bits: (ParMarkBitMap*) 0x0000000053689f30
 Begin Bits: [0x0000000013000000, 0x0000000014800000)
 End Bits:   [0x0000000014800000, 0x0000000016000000)

Polling page: 0x00000000012d0000

CodeCache: size=245760Kb used=43423Kb max_used=43423Kb free=202336Kb
 bounds [0x0000000003330000, 0x0000000005dd0000, 0x0000000012330000]
 total_blobs=13788 nmethods=12903 adapters=796
 compilation: enabled

Compilation events (10 events):
Event: 98.503 Thread 0x0000000016ca8000 15740       3       com.google.common.io.MultiInputStream::read (37 bytes)
Event: 98.504 Thread 0x0000000016ca8000 nmethod 15740 0x0000000005dc4590 code [0x0000000005dc4720, 0x0000000005dc4a98]
Event: 98.504 Thread 0x0000000016ca8000 15735       3       com.android.tools.build.apkzlib.bytestorage.SwitchableDelegateInputStream::increaseOffset (8 bytes)
Event: 98.504 Thread 0x0000000016ca8000 nmethod 15735 0x0000000005dc4bd0 code [0x0000000005dc4d40, 0x0000000005dc4f90]
Event: 98.504 Thread 0x0000000016ca8000 15736       3       com.google.common.hash.Funnels$SinkAsStream::write (14 bytes)
Event: 98.505 Thread 0x0000000016ca8000 nmethod 15736 0x0000000005dc5050 code [0x0000000005dc51c0, 0x0000000005dc53e8]
Event: 98.505 Thread 0x0000000016ca8000 15738       3       com.google.common.hash.AbstractByteHasher::putBytes (18 bytes)
Event: 98.505 Thread 0x0000000016ca8000 nmethod 15738 0x0000000005dc54d0 code [0x0000000005dc5660, 0x0000000005dc5aa8]
Event: 98.505 Thread 0x0000000016ca8000 15739       3       com.google.common.hash.ChecksumHashFunction$ChecksumHasher::update (13 bytes)
Event: 98.506 Thread 0x0000000016ca8000 nmethod 15739 0x0000000005dc5c90 code [0x0000000005dc5e00, 0x0000000005dc6028]

GC Heap History (10 events):
Event: 60.763 GC heap after
Heap after GC invocations=20 (full 3):
 PSYoungGen      total 198144K, used 18964K [0x00000000e0000000, 0x00000000f0c00000, 0x0000000100000000)
  eden space 142848K, 0% used [0x00000000e0000000,0x00000000e0000000,0x00000000e8b80000)
  from space 55296K, 34% used [0x00000000e8b80000,0x00000000e9e05008,0x00000000ec180000)
  to   space 52224K, 0% used [0x00000000ed900000,0x00000000ed900000,0x00000000f0c00000)
 ParOldGen       total 151552K, used 145369K [0x00000000a0000000, 0x00000000a9400000, 0x00000000e0000000)
  object space 151552K, 95% used [0x00000000a0000000,0x00000000a8df6580,0x00000000a9400000)
 Metaspace       used 70775K, capacity 72642K, committed 72880K, reserved 1112064K
  class space    used 9288K, capacity 9812K, committed 9904K, reserved 1048576K
}
Event: 60.763 GC heap before
{Heap before GC invocations=21 (full 4):
 PSYoungGen      total 198144K, used 18964K [0x00000000e0000000, 0x00000000f0c00000, 0x0000000100000000)
  eden space 142848K, 0% used [0x00000000e0000000,0x00000000e0000000,0x00000000e8b80000)
  from space 55296K, 34% used [0x00000000e8b80000,0x00000000e9e05008,0x00000000ec180000)
  to   space 52224K, 0% used [0x00000000ed900000,0x00000000ed900000,0x00000000f0c00000)
 ParOldGen       total 151552K, used 145369K [0x00000000a0000000, 0x00000000a9400000, 0x00000000e0000000)
  object space 151552K, 95% used [0x00000000a0000000,0x00000000a8df6580,0x00000000a9400000)
 Metaspace       used 70775K, capacity 72642K, committed 72880K, reserved 1112064K
  class space    used 9288K, capacity 9812K, committed 9904K, reserved 1048576K
Event: 62.186 GC heap after
Heap after GC invocations=21 (full 4):
 PSYoungGen      total 198144K, used 0K [0x00000000e0000000, 0x00000000f0c00000, 0x0000000100000000)
  eden space 142848K, 0% used [0x00000000e0000000,0x00000000e0000000,0x00000000e8b80000)
  from space 55296K, 0% used [0x00000000e8b80000,0x00000000e8b80000,0x00000000ec180000)
  to   space 52224K, 0% used [0x00000000ed900000,0x00000000ed900000,0x00000000f0c00000)
 ParOldGen       total 330752K, used 149187K [0x00000000a0000000, 0x00000000b4300000, 0x00000000e0000000)
  object space 330752K, 45% used [0x00000000a0000000,0x00000000a91b0fd0,0x00000000b4300000)
 Metaspace       used 70775K, capacity 72642K, committed 72880K, reserved 1112064K
  class space    used 9288K, capacity 9812K, committed 9904K, reserved 1048576K
}
Event: 68.892 GC heap before
{Heap before GC invocations=22 (full 4):
 PSYoungGen      total 198144K, used 142848K [0x00000000e0000000, 0x00000000f0c00000, 0x0000000100000000)
  eden space 142848K, 100% used [0x00000000e0000000,0x00000000e8b80000,0x00000000e8b80000)
  from space 55296K, 0% used [0x00000000e8b80000,0x00000000e8b80000,0x00000000ec180000)
  to   space 52224K, 0% used [0x00000000ed900000,0x00000000ed900000,0x00000000f0c00000)
 ParOldGen       total 330752K, used 149187K [0x00000000a0000000, 0x00000000b4300000, 0x00000000e0000000)
  object space 330752K, 45% used [0x00000000a0000000,0x00000000a91b0fd0,0x00000000b4300000)
 Metaspace       used 71037K, capacity 72904K, committed 73136K, reserved 1112064K
  class space    used 9308K, capacity 9813K, committed 9904K, reserved 1048576K
Event: 68.917 GC heap after
Heap after GC invocations=22 (full 4):
 PSYoungGen      total 210944K, used 6864K [0x00000000e0000000, 0x00000000f0580000, 0x0000000100000000)
  eden space 165376K, 0% used [0x00000000e0000000,0x00000000e0000000,0x00000000ea180000)
  from space 45568K, 15% used [0x00000000ed900000,0x00000000edfb4010,0x00000000f0580000)
  to   space 51200K, 0% used [0x00000000ea180000,0x00000000ea180000,0x00000000ed380000)
 ParOldGen       total 330752K, used 149195K [0x00000000a0000000, 0x00000000b4300000, 0x00000000e0000000)
  object space 330752K, 45% used [0x00000000a0000000,0x00000000a91b2fd0,0x00000000b4300000)
 Metaspace       used 71037K, capacity 72904K, committed 73136K, reserved 1112064K
  class space    used 9308K, capacity 9813K, committed 9904K, reserved 1048576K
}
Event: 91.315 GC heap before
{Heap before GC invocations=23 (full 4):
 PSYoungGen      total 210944K, used 172240K [0x00000000e0000000, 0x00000000f0580000, 0x0000000100000000)
  eden space 165376K, 100% used [0x00000000e0000000,0x00000000ea180000,0x00000000ea180000)
  from space 45568K, 15% used [0x00000000ed900000,0x00000000edfb4010,0x00000000f0580000)
  to   space 51200K, 0% used [0x00000000ea180000,0x00000000ea180000,0x00000000ed380000)
 ParOldGen       total 330752K, used 149195K [0x00000000a0000000, 0x00000000b4300000, 0x00000000e0000000)
  object space 330752K, 45% used [0x00000000a0000000,0x00000000a91b2fd0,0x00000000b4300000)
 Metaspace       used 79517K, capacity 82118K, committed 82224K, reserved 1120256K
  class space    used 10379K, capacity 10988K, committed 11056K, reserved 1048576K
Event: 91.363 GC heap after
Heap after GC invocations=23 (full 4):
 PSYoungGen      total 216576K, used 39408K [0x00000000e0000000, 0x00000000f2400000, 0x0000000100000000)
  eden space 165376K, 0% used [0x00000000e0000000,0x00000000e0000000,0x00000000ea180000)
  from space 51200K, 76% used [0x00000000ea180000,0x00000000ec7fc1b8,0x00000000ed380000)
  to   space 55808K, 0% used [0x00000000eed80000,0x00000000eed80000,0x00000000f2400000)
 ParOldGen       total 330752K, used 149203K [0x00000000a0000000, 0x00000000b4300000, 0x00000000e0000000)
  object space 330752K, 45% used [0x00000000a0000000,0x00000000a91b4fd0,0x00000000b4300000)
 Metaspace       used 79517K, capacity 82118K, committed 82224K, reserved 1120256K
  class space    used 10379K, capacity 10988K, committed 11056K, reserved 1048576K
}
Event: 95.201 GC heap before
{Heap before GC invocations=24 (full 4):
 PSYoungGen      total 216576K, used 204784K [0x00000000e0000000, 0x00000000f2400000, 0x0000000100000000)
  eden space 165376K, 100% used [0x00000000e0000000,0x00000000ea180000,0x00000000ea180000)
  from space 51200K, 76% used [0x00000000ea180000,0x00000000ec7fc1b8,0x00000000ed380000)
  to   space 55808K, 0% used [0x00000000eed80000,0x00000000eed80000,0x00000000f2400000)
 ParOldGen       total 330752K, used 149203K [0x00000000a0000000, 0x00000000b4300000, 0x00000000e0000000)
  object space 330752K, 45% used [0x00000000a0000000,0x00000000a91b4fd0,0x00000000b4300000)
 Metaspace       used 80585K, capacity 83272K, committed 83376K, reserved 1122304K
  class space    used 10502K, capacity 11109K, committed 11184K, reserved 1048576K
Event: 95.388 GC heap after
Heap after GC invocations=24 (full 4):
 PSYoungGen      total 223232K, used 55784K [0x00000000e0000000, 0x00000000f5180000, 0x0000000100000000)
  eden space 167424K, 0% used [0x00000000e0000000,0x00000000e0000000,0x00000000ea380000)
  from space 55808K, 99% used [0x00000000eed80000,0x00000000f23fa3a0,0x00000000f2400000)
  to   space 75776K, 0% used [0x00000000ea380000,0x00000000ea380000,0x00000000eed80000)
 ParOldGen       total 330752K, used 178008K [0x00000000a0000000, 0x00000000b4300000, 0x00000000e0000000)
  object space 330752K, 53% used [0x00000000a0000000,0x00000000aadd60b0,0x00000000b4300000)
 Metaspace       used 80585K, capacity 83272K, committed 83376K, reserved 1122304K
  class space    used 10502K, capacity 11109K, committed 11184K, reserved 1048576K
}
Event: 98.530 GC heap before
{Heap before GC invocations=25 (full 4):
 PSYoungGen      total 223232K, used 220519K [0x00000000e0000000, 0x00000000f5180000, 0x0000000100000000)
  eden space 167424K, 98% used [0x00000000e0000000,0x00000000ea0dfb10,0x00000000ea380000)
  from space 55808K, 99% used [0x00000000eed80000,0x00000000f23fa3a0,0x00000000f2400000)
  to   space 75776K, 0% used [0x00000000ea380000,0x00000000ea380000,0x00000000eed80000)
 ParOldGen       total 330752K, used 178008K [0x00000000a0000000, 0x00000000b4300000, 0x00000000e0000000)
  object space 330752K, 53% used [0x00000000a0000000,0x00000000aadd60b0,0x00000000b4300000)
 Metaspace       used 82380K, capacity 85212K, committed 85424K, reserved 1124352K
  class space    used 10712K, capacity 11325K, committed 11440K, reserved 1048576K

Deoptimization events (10 events):
Event: 96.882 Thread 0x0000000018861000 Uncommon trap: reason=class_check action=maybe_recompile pc=0x000000000568dbe4 method=org.gradle.api.internal.changedetection.state.mirror.MirrorUpdatingDirectoryWalker$1.isAllowed(Ljava/nio/file/Path;Ljava/lang/String;ZLjava/nio/file/attribute/BasicFileA
Event: 96.883 Thread 0x0000000018861000 Uncommon trap: reason=class_check action=maybe_recompile pc=0x0000000004db43b0 method=org.gradle.api.internal.changedetection.state.mirror.MirrorUpdatingDirectoryWalker$1.isAllowed(Ljava/nio/file/Path;Ljava/lang/String;ZLjava/nio/file/attribute/BasicFileA
Event: 97.003 Thread 0x0000000018861000 Uncommon trap: reason=class_check action=maybe_recompile pc=0x0000000005b10904 method=java.util.Collections$SetFromMap.add(Ljava/lang/Object;)Z @ 8
Event: 97.112 Thread 0x0000000018861000 Uncommon trap: reason=unstable_if action=reinterpret pc=0x00000000052d6278 method=java.net.URI.needsNormalization(Ljava/lang/String;)I @ 149
Event: 97.643 Thread 0x0000000018861000 Uncommon trap: reason=class_check action=maybe_recompile pc=0x00000000035ca838 method=java.util.zip.InflaterInputStream.read([BII)I @ 100
Event: 97.643 Thread 0x0000000018861000 Uncommon trap: reason=class_check action=maybe_recompile pc=0x00000000035ca838 method=java.util.zip.InflaterInputStream.read([BII)I @ 100
Event: 97.900 Thread 0x0000000018861000 Uncommon trap: reason=unstable_if action=reinterpret pc=0x0000000003e032e8 method=java.lang.StringCoding$StringDecoder.decode([BII)[C @ 33
Event: 97.936 Thread 0x0000000018861000 Uncommon trap: reason=unstable_if action=reinterpret pc=0x00000000051c3a3c method=java.nio.Bits.getInt(Ljava/nio/ByteBuffer;IZ)I @ 1
Event: 97.941 Thread 0x0000000018861000 Uncommon trap: reason=unstable_if action=reinterpret pc=0x0000000004eefd50 method=java.nio.Bits.getInt(Ljava/nio/ByteBuffer;IZ)I @ 1
Event: 97.961 Thread 0x0000000018861000 Uncommon trap: reason=unstable_if action=reinterpret pc=0x0000000005d64f98 method=com.android.apksig.internal.jar.ManifestParser.readLine()[B @ 8

Classes redefined (0 events):
No events

Internal exceptions (10 events):
Event: 91.606 Thread 0x000000001c2e4000 Implicit null exception at 0x0000000004bb46ef to 0x0000000004bb47e1
Event: 91.606 Thread 0x000000001c2e5800 Implicit null exception at 0x0000000004bb46ef to 0x0000000004bb47e1
Event: 91.606 Thread 0x000000001c2e7800 Implicit null exception at 0x0000000004bb46ef to 0x0000000004bb47e1
Event: 94.784 Thread 0x000000001c2e4000 Implicit null exception at 0x000000000469ec5a to 0x000000000469ed1d
Event: 94.882 Thread 0x000000001c2e4000 Implicit null exception at 0x0000000005a05c0f to 0x0000000005a05d81
Event: 96.486 Thread 0x000000001c2e4000 Exception <a 'sun/nio/fs/WindowsException'> (0x00000000e472b1d8) thrown at [D:\src\AOSP-openjdk-cygwin\jdk8u\hotspot\src\share\vm\prims\jni.cpp, line 710]
Event: 97.200 Thread 0x0000000018861000 Exception <a 'java/lang/ClassNotFoundException': org/gradle/api/plugins/JavaPluginConventionBeanInfo> (0x00000000e57b4680) thrown at [D:\src\AOSP-openjdk-cygwin\jdk8u\hotspot\src\share\vm\classfile\systemDictionary.cpp, line 210]
Event: 97.203 Thread 0x0000000018861000 Exception <a 'java/lang/ClassNotFoundException': org/gradle/api/plugins/JavaPluginConventionCustomizer> (0x00000000e57f8488) thrown at [D:\src\AOSP-openjdk-cygwin\jdk8u\hotspot\src\share\vm\classfile\systemDictionary.cpp, line 210]
Event: 97.211 Thread 0x0000000018861000 Exception <a 'java/lang/NoSuchMethodError': java.lang.Object.newSystemTemporaryDirectory()Lcom/android/tools/build/apkzlib/bytestorage/TemporaryDirectory;> (0x00000000e5852bd8) thrown at [D:\src\AOSP-openjdk-cygwin\jdk8u\hotspot\src\share\vm\interpreter\l
Event: 98.424 Thread 0x0000000018861000 Exception <a 'java/lang/NoSuchMethodError': java.lang.Object.lambda$comparing$ea9a8b3a$1(Ljava/util/Comparator;Ljava/util/function/Function;Ljava/lang/Object;Ljava/lang/Object;)I> (0x00000000e88bde50) thrown at [D:\src\AOSP-openjdk-cygwin\jdk8u\hotspot\sr

Events (10 events):
Event: 98.526 loading class com/android/tools/build/apkzlib/zip/CompressionResult done
Event: 98.526 loading class com/google/common/base/Function
Event: 98.526 loading class com/google/common/base/Function done
Event: 98.526 loading class com/google/common/util/concurrent/AbstractTransformFuture
Event: 98.526 loading class com/google/common/util/concurrent/AbstractTransformFuture done
Event: 98.528 loading class com/google/common/util/concurrent/AbstractTransformFuture$AsyncTransformFuture
Event: 98.528 loading class com/google/common/util/concurrent/AbstractTransformFuture$AsyncTransformFuture done
Event: 98.529 loading class com/google/common/util/concurrent/AbstractTransformFuture$TransformFuture
Event: 98.529 loading class com/google/common/util/concurrent/AbstractTransformFuture$TransformFuture done
Event: 98.530 Executing VM operation: ParallelGCFailedAllocation


Dynamic libraries:
0x00007ff71ab00000 - 0x00007ff71ab31000 	C:\Program Files\Android\Android Studio\jre\bin\java.exe
0x00007ffef2ac0000 - 0x00007ffef2cb0000 	C:\WINDOWS\SYSTEM32\ntdll.dll
0x00007ffef1c30000 - 0x00007ffef1ce2000 	C:\WINDOWS\System32\KERNEL32.DLL
0x00007ffef0830000 - 0x00007ffef0ad5000 	C:\WINDOWS\System32\KERNELBASE.dll
0x00007ffef12c0000 - 0x00007ffef1363000 	C:\WINDOWS\System32\ADVAPI32.dll
0x00007ffef27e0000 - 0x00007ffef287e000 	C:\WINDOWS\System32\msvcrt.dll
0x00007ffef1210000 - 0x00007ffef12a7000 	C:\WINDOWS\System32\sechost.dll
0x00007ffef1e60000 - 0x00007ffef1f80000 	C:\WINDOWS\System32\RPCRT4.dll
0x00007ffef13f0000 - 0x00007ffef1585000 	C:\WINDOWS\System32\USER32.dll
0x00007ffef0b40000 - 0x00007ffef0b61000 	C:\WINDOWS\System32\win32u.dll
0x00007ffef1e30000 - 0x00007ffef1e56000 	C:\WINDOWS\System32\GDI32.dll
0x00007ffeefdb0000 - 0x00007ffeeff46000 	C:\WINDOWS\System32\gdi32full.dll
0x00007ffeefd10000 - 0x00007ffeefdae000 	C:\WINDOWS\System32\msvcp_win.dll
0x00007ffeefac0000 - 0x00007ffeefbba000 	C:\WINDOWS\System32\ucrtbase.dll
0x00007ffee1a30000 - 0x00007ffee1cb4000 	C:\WINDOWS\WinSxS\amd64_microsoft.windows.common-controls_6595b64144ccf1df_6.0.18362.1082_none_9e8193e1e45b25c1\COMCTL32.dll
0x00007ffef18f0000 - 0x00007ffef1c25000 	C:\WINDOWS\System32\combase.dll
0x00007ffef07b0000 - 0x00007ffef0830000 	C:\WINDOWS\System32\bcryptPrimitives.dll
0x00007ffef18c0000 - 0x00007ffef18ee000 	C:\WINDOWS\System32\IMM32.DLL
0x0000000052de0000 - 0x0000000052eb2000 	C:\Program Files\Android\Android Studio\jre\jre\bin\msvcr100.dll
0x0000000052ec0000 - 0x0000000053706000 	C:\Program Files\Android\Android Studio\jre\jre\bin\server\jvm.dll
0x00007ffef0b70000 - 0x00007ffef0b78000 	C:\WINDOWS\System32\PSAPI.DLL
0x00007ffee1420000 - 0x00007ffee1429000 	C:\WINDOWS\SYSTEM32\WSOCK32.dll
0x00007ffef1590000 - 0x00007ffef15ff000 	C:\WINDOWS\System32\WS2_32.dll
0x00007ffeec720000 - 0x00007ffeec744000 	C:\WINDOWS\SYSTEM32\WINMM.dll
0x00007ffee0370000 - 0x00007ffee037a000 	C:\WINDOWS\SYSTEM32\VERSION.dll
0x00007ffeec6f0000 - 0x00007ffeec71d000 	C:\WINDOWS\SYSTEM32\WINMMBASE.dll
0x00007ffeefa50000 - 0x00007ffeefa9a000 	C:\WINDOWS\System32\cfgmgr32.dll
0x00007ffee02a0000 - 0x00007ffee02af000 	C:\Program Files\Android\Android Studio\jre\jre\bin\verify.dll
0x00007ffecdec0000 - 0x00007ffecdee9000 	C:\Program Files\Android\Android Studio\jre\jre\bin\java.dll
0x00007ffece080000 - 0x00007ffece096000 	C:\Program Files\Android\Android Studio\jre\jre\bin\zip.dll
0x00007ffef20f0000 - 0x00007ffef27d7000 	C:\WINDOWS\System32\SHELL32.dll
0x00007ffef1600000 - 0x00007ffef16a9000 	C:\WINDOWS\System32\shcore.dll
0x00007ffef0000000 - 0x00007ffef0780000 	C:\WINDOWS\System32\windows.storage.dll
0x00007ffeef9d0000 - 0x00007ffeef9f3000 	C:\WINDOWS\System32\profapi.dll
0x00007ffeefa00000 - 0x00007ffeefa4a000 	C:\WINDOWS\System32\powrprof.dll
0x00007ffeef980000 - 0x00007ffeef990000 	C:\WINDOWS\System32\UMPDC.dll
0x00007ffef2950000 - 0x00007ffef29a2000 	C:\WINDOWS\System32\shlwapi.dll
0x00007ffeef990000 - 0x00007ffeef9a1000 	C:\WINDOWS\System32\kernel.appcore.dll
0x00007ffeefaa0000 - 0x00007ffeefab7000 	C:\WINDOWS\System32\cryptsp.dll
0x00007ffee4220000 - 0x00007ffee423a000 	C:\Program Files\Android\Android Studio\jre\jre\bin\net.dll
0x00007ffee5490000 - 0x00007ffee5666000 	C:\WINDOWS\SYSTEM32\urlmon.dll
0x00007ffee5790000 - 0x00007ffee5a36000 	C:\WINDOWS\SYSTEM32\iertutil.dll
0x00007ffeef3a0000 - 0x00007ffeef3ac000 	C:\WINDOWS\SYSTEM32\CRYPTBASE.DLL
0x00007ffeef1d0000 - 0x00007ffeef237000 	C:\WINDOWS\system32\mswsock.dll
0x00007ffee02e0000 - 0x00007ffee02f3000 	C:\Program Files\Android\Android Studio\jre\jre\bin\nio.dll
0x00007ffeea750000 - 0x00007ffeea76e000 	C:\Users\Bavadeep\.gradle\native\25\windows-amd64\native-platform.dll
0x00007ffee0000000 - 0x00007ffee000d000 	C:\Program Files\Android\Android Studio\jre\jre\bin\management.dll
0x00007ffeeed40000 - 0x00007ffeeed73000 	C:\WINDOWS\system32\rsaenh.dll
0x00007ffef0780000 - 0x00007ffef07a6000 	C:\WINDOWS\System32\bcrypt.dll
0x00007ffeef8a0000 - 0x00007ffeef8c5000 	C:\WINDOWS\SYSTEM32\USERENV.dll
0x00007ffeeeee0000 - 0x00007ffeeef1a000 	C:\WINDOWS\SYSTEM32\IPHLPAPI.DLL
0x00007ffef12b0000 - 0x00007ffef12b8000 	C:\WINDOWS\System32\NSI.dll
0x00007ffee4e80000 - 0x00007ffee4e96000 	C:\WINDOWS\SYSTEM32\dhcpcsvc6.DLL
0x00007ffee7480000 - 0x00007ffee749c000 	C:\WINDOWS\SYSTEM32\dhcpcsvc.DLL
0x00007ffeeef20000 - 0x00007ffeeefeb000 	C:\WINDOWS\SYSTEM32\DNSAPI.dll
0x00007ffed4680000 - 0x00007ffed46a4000 	C:\Program Files\Android\Android Studio\jre\jre\bin\sunec.dll
0x00007ffee1fd0000 - 0x00007ffee1fda000 	C:\Windows\System32\rasadhlp.dll
0x00007ffee4520000 - 0x00007ffee4597000 	C:\WINDOWS\System32\fwpuclnt.dll
0x00007ffeebbf0000 - 0x00007ffeebbfb000 	C:\Program Files\Android\Android Studio\jre\jre\bin\sunmscapi.dll
0x00007ffeefbc0000 - 0x00007ffeefd09000 	C:\WINDOWS\System32\CRYPT32.dll
0x00007ffeef9b0000 - 0x00007ffeef9c2000 	C:\WINDOWS\System32\MSASN1.dll
0x00007ffee3310000 - 0x00007ffee3504000 	C:\WINDOWS\SYSTEM32\dbghelp.dll

VM Arguments:
jvm_args: -Xmx1536m -Dfile.encoding=windows-1252 -Duser.country=IN -Duser.language=en -Duser.variant 
java_command: org.gradle.launcher.daemon.bootstrap.GradleDaemon 4.10.1
java_class_path (initial): C:\Users\Bavadeep\.gradle\wrapper\dists\gradle-4.10.1-all\455itskqi2qtf0v2sja68alqd\gradle-4.10.1\lib\gradle-launcher-4.10.1.jar
Launcher Type: SUN_STANDARD

Environment Variables:
JAVA_HOME=C:\Program Files\Java\jdk
PATH=C:\Program Files (x86)\Common Files\Oracle\Java\javapath;C:\Program Files\Java\jdk-14.0.2;C:\Program Files\Java\jdk-14.0.2\bin;C:\Program Files\Java\jre1.8.0_261;;C:\WINDOWS\system32;C:\WINDOWS;C:\WINDOWS\System32\Wbem;C:\WINDOWS\System32\WindowsPowerShell\v1.0\;C:\WINDOWS\System32\OpenSSH\;"C:\Users\Bavadeep\AppData\Local\Microsoft\WindowsApps;C:\Program Files\Java\jdk\bin;C:\Program Files\Java\jre\bin";JAVA_HOME;;C:\Users\Bavadeep\AppData\Local\Microsoft\WindowsApps
USERNAME=Bavadeep
OS=Windows_NT
PROCESSOR_IDENTIFIER=Intel64 Family 6 Model 69 Stepping 1, GenuineIntel



---------------  S Y S T E M  ---------------

OS: Windows 10.0 , 64 bit Build 18362 (10.0.18362.1082)

CPU:total 4 (initial active 4) (2 cores per cpu, 2 threads per core) family 6 model 69 stepping 1, cmov, cx8, fxsr, mmx, sse, sse2, sse3, ssse3, sse4.1, sse4.2, popcnt, avx, avx2, aes, clmul, erms, lzcnt, ht, tsc, tscinvbit, bmi1, bmi2

Memory: 4k page, physical 8274284k(1226812k free), swap 13265716k(1633748k free)

vm_info: OpenJDK 64-Bit Server VM (25.212-b04) for windows-amd64 JRE (1.8.0_212-release-1586-b04), built by "builder" with MS VC++ 10.0 (VS2010)

time: Fri Sep 25 16:13:54 2020
timezone: India Standard Time
elapsed time: 98 seconds (0d 0h 1m 38s)

