#
# A fatal error has been detected by the Java Runtime Environment:
#
#  EXCEPTION_ACCESS_VIOLATION (0xc0000005) at pc=0x000000006d05b4a0, pid=11252, tid=0x0000000000001728
#
# JRE version: OpenJDK Runtime Environment (8.0_212-b04) (build 1.8.0_212-release-1586-b04)
# Java VM: OpenJDK 64-Bit Server VM (25.212-b04 mixed mode windows-amd64 compressed oops)
# Problematic frame:
# V  [jvm.dll+0x8b4a0]
#
# Failed to write core dump. Minidumps are not enabled by default on client versions of Windows
#
# If you would like to submit a bug report, please visit:
#   
#

---------------  T H R E A D  ---------------

Current thread (0x000000000323a000):  GCTaskThread [stack: 0x0000000012df0000,0x0000000012ef0000] [id=5928]

siginfo: ExceptionCode=0xc0000005, reading address 0x00000007d45121e0

Registers:
RAX=0x0000000000000000, RBX=0x00000000e68748a0, RCX=0x00000000e68748a0, RDX=0x00000007d45121d8
RSP=0x0000000012eef7b8, RBP=0x0000000000000000, RSI=0x000000000330d340, RDI=0x0000f7b200006a73
R8 =0x000000000330d340, R9 =0x00000001000001f8, R10=0x0000004a2000003f, R11=0x00000000fc00d0e0
R12=0x000000006d5e94e8, R13=0x00000000e688ff58, R14=0x0000000000000000, R15=0x000000000323a870
RIP=0x000000006d05b4a0, EFLAGS=0x0000000000010206

Top of Stack: (sp=0x0000000012eef7b8)
0x0000000012eef7b8:   000000006d39eb82 0000000000000009
0x0000000012eef7c8:   0000000000000003 000000000330d340
0x0000000012eef7d8:   000000006d0976d0 00000000fc0057d8
0x0000000012eef7e8:   000000006d39f2cb 00000000f85db24c
0x0000000012eef7f8:   0000000000000000 0000000000000000
0x0000000012eef808:   000000000322dc01 000000006d5e94e8
0x0000000012eef818:   000000006d39eef0 00000000f90d340c
0x0000000012eef828:   0000000000000000 000000000330d340
0x0000000012eef838:   0000f7b200006a73 00000000f90d340c
0x0000000012eef848:   000000006d39f8c5 00000000ef9195c0
0x0000000012eef858:   0000000000000000 000000000330d340
0x0000000012eef868:   000000006d39edc8 0000f7b200006a73
0x0000000012eef878:   00000000ef9195c2 000000000330d340
0x0000000012eef888:   0000f7b200006a73 000000001fcc5790
0x0000000012eef898:   0000f7b100006a73 0000fcc200009bbc
0x0000000012eef8a8:   0000b45b0000bfa4 000000000323a860 

Instructions: (pc=0x000000006d05b4a0)
0x000000006d05b480:   1c 60 1d 00 48 8b 9c 24 c0 00 00 00 48 81 c4 b0
0x000000006d05b490:   00 00 00 5d c3 cc cc cc cc cc cc cc cc cc cc cc
0x000000006d05b4a0:   44 8b 42 08 4c 8b ca 45 85 c0 7e 0e 41 f6 c0 01
0x000000006d05b4b0:   75 57 41 c1 f8 03 41 8b c0 c3 79 4d 80 3d ae 49 


Register to memory mapping:

RAX=0x0000000000000000 is an unknown value
RBX=0x00000000e68748a0 is an oop

[error occurred during error reporting (printing register info), id 0xc0000005]

Stack: [0x0000000012df0000,0x0000000012ef0000],  sp=0x0000000012eef7b8,  free space=1021k
Native frames: (J=compiled Java code, j=interpreted, Vv=VM code, C=native code)


---------------  P R O C E S S  ---------------

Java Threads: ( => current thread )
  0x0000000023065800 JavaThread "ForkJoinPool-9-worker-0" daemon [_thread_blocked, id=3872, stack(0x0000000042560000,0x0000000042660000)]
  0x0000000023063800 JavaThread "ForkJoinPool-9-worker-3" daemon [_thread_blocked, id=976, stack(0x0000000042460000,0x0000000042560000)]
  0x0000000023060800 JavaThread "ForkJoinPool-9-worker-2" daemon [_thread_blocked, id=12252, stack(0x0000000042360000,0x0000000042460000)]
  0x0000000023061000 JavaThread "ForkJoinPool-9-worker-1" daemon [_thread_blocked, id=32, stack(0x0000000042260000,0x0000000042360000)]
  0x000000001b901000 JavaThread "ForkJoinPool.commonPool-worker-2" daemon [_thread_blocked, id=5340, stack(0x0000000042160000,0x0000000042260000)]
  0x000000001b8fe000 JavaThread "ForkJoinPool.commonPool-worker-1" daemon [_thread_blocked, id=10200, stack(0x0000000042060000,0x0000000042160000)]
  0x000000001ffdb800 JavaThread "ForkJoinPool.commonPool-worker-0" daemon [_thread_blocked, id=6612, stack(0x0000000041f60000,0x0000000042060000)]
  0x000000001ffd8800 JavaThread "Cache worker for Build Output Cleanup Cache (D:\VechicleServiceApp(4-2-20)\VechicleServiceApp(4-2-20)\VechicleServiceApp\.gradle\buildOutputCleanup)" [_thread_blocked, id=9960, stack(0x0000000041e60000,0x0000000041f60000)]
  0x000000001ffd4000 JavaThread "Cache worker for task history cache (D:\VechicleServiceApp(4-2-20)\VechicleServiceApp(4-2-20)\VechicleServiceApp\.gradle\4.10.1\taskHistory)" [_thread_blocked, id=12196, stack(0x0000000041d60000,0x0000000041e60000)]
  0x000000001ffd7000 JavaThread "Task worker for ':' Thread 3" [_thread_blocked, id=5224, stack(0x0000000041c60000,0x0000000041d60000)]
  0x000000001ffcf000 JavaThread "Task worker for ':' Thread 2" [_thread_blocked, id=4856, stack(0x0000000041b60000,0x0000000041c60000)]
  0x000000001ffd2800 JavaThread "Task worker for ':'" [_thread_blocked, id=5444, stack(0x0000000041a60000,0x0000000041b60000)]
  0x0000000027b8b000 JavaThread "Cache worker for file content cache (D:\VechicleServiceApp(4-2-20)\VechicleServiceApp(4-2-20)\VechicleServiceApp\.gradle\4.10.1\fileContent)" [_thread_blocked, id=11056, stack(0x0000000041960000,0x0000000041a60000)]
  0x0000000027b8c800 JavaThread "pool-34-thread-1" [_thread_blocked, id=4816, stack(0x0000000041860000,0x0000000041960000)]
  0x0000000027b88800 JavaThread "Build operations Thread 4" [_thread_blocked, id=9600, stack(0x0000000041760000,0x0000000041860000)]
  0x0000000027b81000 JavaThread "Build operations Thread 3" [_thread_blocked, id=2412, stack(0x0000000041660000,0x0000000041760000)]
  0x0000000027b80800 JavaThread "Build operations Thread 2" [_thread_blocked, id=12036, stack(0x0000000041560000,0x0000000041660000)]
  0x0000000027b87000 JavaThread "Build operations" [_thread_blocked, id=9952, stack(0x0000000041460000,0x0000000041560000)]
  0x0000000027b86800 JavaThread "Cache worker for cache directory md-rule (C:\Users\Bavadeep\.gradle\caches\4.10.1\md-rule)" [_thread_blocked, id=5324, stack(0x0000000041360000,0x0000000041460000)]
  0x0000000027b83800 JavaThread "Cache worker for cache directory md-supplier (C:\Users\Bavadeep\.gradle\caches\4.10.1\md-supplier)" [_thread_blocked, id=10708, stack(0x0000000041260000,0x0000000041360000)]
  0x0000000027b85000 JavaThread "Cache worker for file hash cache (D:\VechicleServiceApp(4-2-20)\VechicleServiceApp(4-2-20)\VechicleServiceApp\.gradle\4.10.1\fileHashes)" [_thread_blocked, id=1204, stack(0x0000000041160000,0x0000000041260000)]
  0x0000000027b82800 JavaThread "Stdin handler" [_thread_blocked, id=9740, stack(0x0000000041060000,0x0000000041160000)]
  0x000000001b8c1000 JavaThread "Asynchronous log dispatcher for DefaultDaemonConnection: socket connection from /127.0.0.1:55127 to /127.0.0.1:55592" [_thread_blocked, id=7504, stack(0x0000000040f60000,0x0000000041060000)]
  0x000000001b8c1800 JavaThread "Cancel handler" [_thread_blocked, id=7460, stack(0x0000000040e60000,0x0000000040f60000)]
  0x000000001b8be800 JavaThread "Handler for socket connection from /127.0.0.1:55127 to /127.0.0.1:55592" [_thread_in_native, id=11620, stack(0x0000000040d60000,0x0000000040e60000)]
  0x0000000027b82000 JavaThread "Daemon worker Thread 11" [_thread_blocked, id=2824, stack(0x000000003f160000,0x000000003f260000)]
  0x000000001b900800 JavaThread "Daemon Thread 11" [_thread_blocked, id=10844, stack(0x000000003ee60000,0x000000003ef60000)]
  0x000000001b8ff000 JavaThread "Cache worker for file content cache (C:\Users\Bavadeep\.gradle\caches\4.10.1\fileContent)" [_thread_blocked, id=3708, stack(0x0000000022cf0000,0x0000000022df0000)]
  0x000000001b8fb000 JavaThread "Memory manager" [_thread_blocked, id=10348, stack(0x0000000022bf0000,0x0000000022cf0000)]
  0x000000001b8c3000 JavaThread "Cache worker for Artifact transforms cache (C:\Users\Bavadeep\.gradle\caches\transforms-1)" [_thread_blocked, id=9688, stack(0x00000000209f0000,0x0000000020af0000)]
  0x000000001b8bf800 JavaThread "Cache worker for journal cache (C:\Users\Bavadeep\.gradle\caches\journal-1)" [_thread_blocked, id=8280, stack(0x000000001ec70000,0x000000001ed70000)]
  0x000000001b867800 JavaThread "File lock request listener" [_thread_in_native, id=9052, stack(0x000000001c700000,0x000000001c800000)]
  0x000000001b777800 JavaThread "Cache worker for file hash cache (C:\Users\Bavadeep\.gradle\caches\4.10.1\fileHashes)" [_thread_blocked, id=8932, stack(0x000000001c600000,0x000000001c700000)]
  0x0000000019e57800 JavaThread "Daemon periodic checks" [_thread_blocked, id=11288, stack(0x000000001ab30000,0x000000001ac30000)]
  0x00000000187f5800 JavaThread "Incoming local TCP Connector on port 55127" [_thread_in_native, id=10652, stack(0x000000001a8f0000,0x000000001a9f0000)]
  0x0000000018600800 JavaThread "Service Thread" daemon [_thread_blocked, id=8824, stack(0x00000000189e0000,0x0000000018ae0000)]
  0x0000000016c8f800 JavaThread "C1 CompilerThread2" daemon [_thread_blocked, id=11720, stack(0x00000000184e0000,0x00000000185e0000)]
  0x0000000016c8b000 JavaThread "C2 CompilerThread1" daemon [_thread_blocked, id=9448, stack(0x00000000183e0000,0x00000000184e0000)]
  0x0000000016c98000 JavaThread "C2 CompilerThread0" daemon [_thread_blocked, id=6136, stack(0x00000000182e0000,0x00000000183e0000)]
  0x0000000016c97000 JavaThread "Attach Listener" daemon [_thread_blocked, id=11968, stack(0x00000000181e0000,0x00000000182e0000)]
  0x0000000016c95800 JavaThread "Signal Dispatcher" daemon [_thread_blocked, id=5480, stack(0x00000000180e0000,0x00000000181e0000)]
  0x000000000331e000 JavaThread "Finalizer" daemon [_thread_blocked, id=11832, stack(0x0000000017ee0000,0x0000000017fe0000)]
  0x0000000003313800 JavaThread "Reference Handler" daemon [_thread_blocked, id=11656, stack(0x0000000017de0000,0x0000000017ee0000)]
  0x000000000317d800 JavaThread "main" [_thread_blocked, id=10376, stack(0x0000000003060000,0x0000000003160000)]

Other Threads:
  0x0000000016c56800 VMThread [stack: 0x0000000017ce0000,0x0000000017de0000] [id=11908]
  0x0000000018603000 WatcherThread [stack: 0x0000000018ae0000,0x0000000018be0000] [id=10564]

=>0x000000000323a000 (exited) GCTaskThread [stack: 0x0000000012df0000,0x0000000012ef0000] [id=5928]

VM state:at safepoint (normal execution)

VM Mutex/Monitor currently owned by a thread:  ([mutex/lock_event])
[0x000000000317cce0] Threads_lock - owner thread: 0x0000000016c56800
[0x000000000317c660] Heap_lock - owner thread: 0x0000000023063800

heap address: 0x00000000a0000000, size: 1536 MB, Compressed Oops mode: 32-bit
Narrow klass base: 0x0000000000000000, Narrow klass shift: 3
Compressed class space size: 1073741824 Address: 0x0000000100000000

Heap:
 PSYoungGen      total 397312K, used 270336K [0x00000000e0000000, 0x00000000fff80000, 0x0000000100000000)
  eden space 270336K, 100% used [0x00000000e0000000,0x00000000f0800000,0x00000000f0800000)
  from space 126976K, 0% used [0x00000000f0800000,0x00000000f0800000,0x00000000f8400000)
  to   space 124928K, 65% used [0x00000000f8580000,0x00000000fd535c58,0x00000000fff80000)
 ParOldGen       total 355840K, used 80636K [0x00000000a0000000, 0x00000000b5b80000, 0x00000000e0000000)
  object space 355840K, 22% used [0x00000000a0000000,0x00000000a4ebf020,0x00000000b5b80000)
 Metaspace       used 99265K, capacity 104483K, committed 107824K, reserved 1142784K
  class space    used 12439K, capacity 13400K, committed 13872K, reserved 1048576K

Card table byte_map: [0x00000000126e0000,0x00000000129f0000] byte_map_base: 0x00000000121e0000

Marking Bits: (ParMarkBitMap*) 0x000000006d799f30
 Begin Bits: [0x0000000012ff0000, 0x00000000147f0000)
 End Bits:   [0x00000000147f0000, 0x0000000015ff0000)

Polling page: 0x0000000003160000

CodeCache: size=245760Kb used=78232Kb max_used=78267Kb free=167527Kb
 bounds [0x0000000003320000, 0x0000000008020000, 0x0000000012320000]
 total_blobs=22249 nmethods=21337 adapters=822
 compilation: enabled

Compilation events (10 events):
Event: 7587.555 Thread 0x0000000016c8f800 nmethod 29887 0x00000000044ea150 code [0x00000000044ea2a0, 0x00000000044ea450]
Event: 7587.560 Thread 0x0000000016c8f800 29888       1       com.android.tools.r8.com.google.gson.internal.LinkedTreeMap$Node::getValue (5 bytes)
Event: 7587.561 Thread 0x0000000016c8f800 nmethod 29888 0x0000000007fdf810 code [0x0000000007fdf960, 0x0000000007fdfa70]
Event: 7587.726 Thread 0x0000000016c8b000 nmethod 29802 0x0000000008004010 code [0x00000000080047a0, 0x000000000800aa98]
Event: 7587.837 Thread 0x0000000016c98000 29889       4       com.android.tools.r8.graph.DexValue$DexValueBoolean::hashCode (17 bytes)
Event: 7587.838 Thread 0x0000000016c98000 nmethod 29889 0x000000000742e090 code [0x000000000742e1c0, 0x000000000742e238]
Event: 7587.840 Thread 0x0000000016c8b000 29890       4       com.android.tools.r8.graph.DexValue$DexValueMethod::sort (5 bytes)
Event: 7587.841 Thread 0x0000000016c8b000 nmethod 29890 0x0000000007ce0f90 code [0x0000000007ce10c0, 0x0000000007ce1118]
Event: 7588.032 Thread 0x0000000016c98000 29891       4       com.android.tools.r8.code.MulFloat::collectIndexedItems (8 bytes)
Event: 7588.033 Thread 0x0000000016c98000 nmethod 29891 0x0000000007d29c50 code [0x0000000007d29d80, 0x0000000007d29dd8]

GC Heap History (10 events):
Event: 7542.967 GC heap after
Heap after GC invocations=71 (full 9):
 PSYoungGen      total 392192K, used 82489K [0x00000000e0000000, 0x0000000100000000, 0x0000000100000000)
  eden space 270336K, 0% used [0x00000000e0000000,0x00000000e0000000,0x00000000f0800000)
  from space 121856K, 67% used [0x00000000f8900000,0x00000000fd98e5f8,0x0000000100000000)
  to   space 126976K, 0% used [0x00000000f0800000,0x00000000f0800000,0x00000000f8400000)
 ParOldGen       total 443904K, used 295883K [0x00000000a0000000, 0x00000000bb180000, 0x00000000e0000000)
  object space 443904K, 66% used [0x00000000a0000000,0x00000000b20f2d58,0x00000000bb180000)
 Metaspace       used 100952K, capacity 105511K, committed 106928K, reserved 1142784K
  class space    used 12582K, capacity 13484K, committed 13744K, reserved 1048576K
}
Event: 7575.204 GC heap before
{Heap before GC invocations=72 (full 9):
 PSYoungGen      total 392192K, used 352825K [0x00000000e0000000, 0x0000000100000000, 0x0000000100000000)
  eden space 270336K, 100% used [0x00000000e0000000,0x00000000f0800000,0x00000000f0800000)
  from space 121856K, 67% used [0x00000000f8900000,0x00000000fd98e5f8,0x0000000100000000)
  to   space 126976K, 0% used [0x00000000f0800000,0x00000000f0800000,0x00000000f8400000)
 ParOldGen       total 443904K, used 295883K [0x00000000a0000000, 0x00000000bb180000, 0x00000000e0000000)
  object space 443904K, 66% used [0x00000000a0000000,0x00000000b20f2d58,0x00000000bb180000)
 Metaspace       used 101714K, capacity 107095K, committed 107312K, reserved 1142784K
  class space    used 12722K, capacity 13754K, committed 13872K, reserved 1048576K
Event: 7575.363 GC heap after
Heap after GC invocations=72 (full 9):
 PSYoungGen      total 397312K, used 28245K [0x00000000e0000000, 0x00000000ffe00000, 0x0000000100000000)
  eden space 270336K, 0% used [0x00000000e0000000,0x00000000e0000000,0x00000000f0800000)
  from space 126976K, 22% used [0x00000000f0800000,0x00000000f2395450,0x00000000f8400000)
  to   space 123392K, 0% used [0x00000000f8580000,0x00000000f8580000,0x00000000ffe00000)
 ParOldGen       total 443904K, used 296007K [0x00000000a0000000, 0x00000000bb180000, 0x00000000e0000000)
  object space 443904K, 66% used [0x00000000a0000000,0x00000000b2111d68,0x00000000bb180000)
 Metaspace       used 101714K, capacity 107095K, committed 107312K, reserved 1142784K
  class space    used 12722K, capacity 13754K, committed 13872K, reserved 1048576K
}
Event: 7579.099 GC heap before
{Heap before GC invocations=73 (full 9):
 PSYoungGen      total 397312K, used 298581K [0x00000000e0000000, 0x00000000ffe00000, 0x0000000100000000)
  eden space 270336K, 100% used [0x00000000e0000000,0x00000000f0800000,0x00000000f0800000)
  from space 126976K, 22% used [0x00000000f0800000,0x00000000f2395450,0x00000000f8400000)
  to   space 123392K, 0% used [0x00000000f8580000,0x00000000f8580000,0x00000000ffe00000)
 ParOldGen       total 443904K, used 296007K [0x00000000a0000000, 0x00000000bb180000, 0x00000000e0000000)
  object space 443904K, 66% used [0x00000000a0000000,0x00000000b2111d68,0x00000000bb180000)
 Metaspace       used 102218K, capacity 107677K, committed 107824K, reserved 1142784K
  class space    used 12774K, capacity 13819K, committed 13872K, reserved 1048576K
Event: 7580.087 GC heap after
Heap after GC invocations=73 (full 9):
 PSYoungGen      total 393728K, used 78294K [0x00000000e0000000, 0x0000000100000000, 0x0000000100000000)
  eden space 270336K, 0% used [0x00000000e0000000,0x00000000e0000000,0x00000000f0800000)
  from space 123392K, 63% used [0x00000000f8580000,0x00000000fd1f5b20,0x00000000ffe00000)
  to   space 126976K, 0% used [0x00000000f0800000,0x00000000f0800000,0x00000000f8400000)
 ParOldGen       total 443904K, used 312188K [0x00000000a0000000, 0x00000000bb180000, 0x00000000e0000000)
  object space 443904K, 70% used [0x00000000a0000000,0x00000000b30df240,0x00000000bb180000)
 Metaspace       used 102218K, capacity 107677K, committed 107824K, reserved 1142784K
  class space    used 12774K, capacity 13819K, committed 13872K, reserved 1048576K
}
Event: 7585.758 GC heap before
{Heap before GC invocations=74 (full 9):
 PSYoungGen      total 393728K, used 348630K [0x00000000e0000000, 0x0000000100000000, 0x0000000100000000)
  eden space 270336K, 100% used [0x00000000e0000000,0x00000000f0800000,0x00000000f0800000)
  from space 123392K, 63% used [0x00000000f8580000,0x00000000fd1f5b20,0x00000000ffe00000)
  to   space 126976K, 0% used [0x00000000f0800000,0x00000000f0800000,0x00000000f8400000)
 ParOldGen       total 443904K, used 312188K [0x00000000a0000000, 0x00000000bb180000, 0x00000000e0000000)
  object space 443904K, 70% used [0x00000000a0000000,0x00000000b30df240,0x00000000bb180000)
 Metaspace       used 102240K, capacity 107687K, committed 107824K, reserved 1142784K
  class space    used 12775K, capacity 13820K, committed 13872K, reserved 1048576K
Event: 7585.958 GC heap after
Heap after GC invocations=74 (full 9):
 PSYoungGen      total 397312K, used 18950K [0x00000000e0000000, 0x00000000fff80000, 0x0000000100000000)
  eden space 270336K, 0% used [0x00000000e0000000,0x00000000e0000000,0x00000000f0800000)
  from space 126976K, 14% used [0x00000000f0800000,0x00000000f1a819f0,0x00000000f8400000)
  to   space 124928K, 0% used [0x00000000f8580000,0x00000000f8580000,0x00000000fff80000)
 ParOldGen       total 443904K, used 388911K [0x00000000a0000000, 0x00000000bb180000, 0x00000000e0000000)
  object space 443904K, 87% used [0x00000000a0000000,0x00000000b7bcbf38,0x00000000bb180000)
 Metaspace       used 102240K, capacity 107687K, committed 107824K, reserved 1142784K
  class space    used 12775K, capacity 13820K, committed 13872K, reserved 1048576K
}
Event: 7585.958 GC heap before
{Heap before GC invocations=75 (full 10):
 PSYoungGen      total 397312K, used 18950K [0x00000000e0000000, 0x00000000fff80000, 0x0000000100000000)
  eden space 270336K, 0% used [0x00000000e0000000,0x00000000e0000000,0x00000000f0800000)
  from space 126976K, 14% used [0x00000000f0800000,0x00000000f1a819f0,0x00000000f8400000)
  to   space 124928K, 0% used [0x00000000f8580000,0x00000000f8580000,0x00000000fff80000)
 ParOldGen       total 443904K, used 388911K [0x00000000a0000000, 0x00000000bb180000, 0x00000000e0000000)
  object space 443904K, 87% used [0x00000000a0000000,0x00000000b7bcbf38,0x00000000bb180000)
 Metaspace       used 102240K, capacity 107687K, committed 107824K, reserved 1142784K
  class space    used 12775K, capacity 13820K, committed 13872K, reserved 1048576K
Event: 7586.457 GC heap after
Heap after GC invocations=75 (full 10):
 PSYoungGen      total 397312K, used 0K [0x00000000e0000000, 0x00000000fff80000, 0x0000000100000000)
  eden space 270336K, 0% used [0x00000000e0000000,0x00000000e0000000,0x00000000f0800000)
  from space 126976K, 0% used [0x00000000f0800000,0x00000000f0800000,0x00000000f8400000)
  to   space 124928K, 0% used [0x00000000f8580000,0x00000000f8580000,0x00000000fff80000)
 ParOldGen       total 355840K, used 80636K [0x00000000a0000000, 0x00000000b5b80000, 0x00000000e0000000)
  object space 355840K, 22% used [0x00000000a0000000,0x00000000a4ebf020,0x00000000b5b80000)
 Metaspace       used 99240K, capacity 104415K, committed 107824K, reserved 1142784K
  class space    used 12439K, capacity 13400K, committed 13872K, reserved 1048576K
}
Event: 7588.459 GC heap before
{Heap before GC invocations=76 (full 10):
 PSYoungGen      total 397312K, used 270336K [0x00000000e0000000, 0x00000000fff80000, 0x0000000100000000)
  eden space 270336K, 100% used [0x00000000e0000000,0x00000000f0800000,0x00000000f0800000)
  from space 126976K, 0% used [0x00000000f0800000,0x00000000f0800000,0x00000000f8400000)
  to   space 124928K, 0% used [0x00000000f8580000,0x00000000f8580000,0x00000000fff80000)
 ParOldGen       total 355840K, used 80636K [0x00000000a0000000, 0x00000000b5b80000, 0x00000000e0000000)
  object space 355840K, 22% used [0x00000000a0000000,0x00000000a4ebf020,0x00000000b5b80000)
 Metaspace       used 99265K, capacity 104483K, committed 107824K, reserved 1142784K
  class space    used 12439K, capacity 13400K, committed 13872K, reserved 1048576K

Deoptimization events (10 events):
Event: 7585.664 Thread 0x000000001ffdb800 Uncommon trap: reason=unstable_if action=reinterpret pc=0x0000000005bd7c2c method=com.android.tools.r8.ir.conversion.JarState.getLocalRegister(ILcom/android/tools/r8/org/objectweb/asm/Type;)I @ 81
Event: 7585.664 Thread 0x000000001ffdb800 Uncommon trap: reason=unstable_if action=reinterpret pc=0x0000000005d3bbd8 method=com.android.tools.r8.ir.code.ValueType.isWide()Z @ 4
Event: 7585.664 Thread 0x000000001ffdb800 Uncommon trap: reason=unstable_if action=reinterpret pc=0x00000000073d1184 method=com.android.tools.r8.ir.conversion.JarState.getLocalRegister(ILcom/android/tools/r8/org/objectweb/asm/Type;)I @ 81
Event: 7585.665 Thread 0x000000001ffdb800 Uncommon trap: reason=unstable_if action=reinterpret pc=0x0000000005cc8300 method=com.android.tools.r8.ir.conversion.JarState.getLocalRegister(ILcom/android/tools/r8/org/objectweb/asm/Type;)I @ 81
Event: 7585.665 Thread 0x000000001ffdb800 Uncommon trap: reason=unstable_if action=reinterpret pc=0x000000000737e3d8 method=com.android.tools.r8.ir.code.ValueType.isWide()Z @ 4
Event: 7585.665 Thread 0x000000001ffdb800 Uncommon trap: reason=unstable_if action=reinterpret pc=0x0000000006f4ad68 method=com.android.tools.r8.ir.conversion.JarState.getLocalRegister(ILcom/android/tools/r8/org/objectweb/asm/Type;)I @ 81
Event: 7585.667 Thread 0x000000001ffdb800 Uncommon trap: reason=unstable_if action=reinterpret pc=0x0000000005c6e9dc method=com.android.tools.r8.ir.code.ValueType.isWide()Z @ 4
Event: 7585.667 Thread 0x000000001ffdb800 Uncommon trap: reason=unstable_if action=reinterpret pc=0x0000000007ed97fc method=com.android.tools.r8.ir.code.ValueType.isWide()Z @ 4
Event: 7585.667 Thread 0x000000001ffdb800 Uncommon trap: reason=unstable_if action=reinterpret pc=0x0000000005bfc0e0 method=com.android.tools.r8.ir.code.ValueType.isWide()Z @ 4
Event: 7585.742 Thread 0x000000001b8fe000 Uncommon trap: reason=unstable_if action=reinterpret pc=0x0000000007ec2804 method=com.android.tools.r8.ir.regalloc.LinearScanRegisterAllocator.updateRegisterHints(Lcom/android/tools/r8/ir/regalloc/LiveIntervals;)V @ 47

Classes redefined (0 events):
No events

Internal exceptions (10 events):
Event: 7585.642 Thread 0x000000001b8fe000 Exception <a 'sun/nio/fs/WindowsException'> (0x00000000eff5b460) thrown at [D:\src\AOSP-openjdk-cygwin\jdk8u\hotspot\src\share\vm\prims\jni.cpp, line 710]
Event: 7585.642 Thread 0x000000001ffdb800 Exception <a 'sun/nio/fs/WindowsException'> (0x00000000effb4de0) thrown at [D:\src\AOSP-openjdk-cygwin\jdk8u\hotspot\src\share\vm\prims\jni.cpp, line 710]
Event: 7585.684 Thread 0x000000001ffdb800 Exception <a 'sun/nio/fs/WindowsException'> (0x00000000f032fde0) thrown at [D:\src\AOSP-openjdk-cygwin\jdk8u\hotspot\src\share\vm\prims\jni.cpp, line 710]
Event: 7585.697 Thread 0x000000001ffdb800 Exception <a 'sun/nio/fs/WindowsException'> (0x00000000f03769f8) thrown at [D:\src\AOSP-openjdk-cygwin\jdk8u\hotspot\src\share\vm\prims\jni.cpp, line 710]
Event: 7585.720 Thread 0x000000001ffdb800 Exception <a 'sun/nio/fs/WindowsException'> (0x00000000f037d5f0) thrown at [D:\src\AOSP-openjdk-cygwin\jdk8u\hotspot\src\share\vm\prims\jni.cpp, line 710]
Event: 7586.700 Thread 0x000000001b8fe000 Exception <a 'sun/nio/fs/WindowsException'> (0x00000000e1426a78) thrown at [D:\src\AOSP-openjdk-cygwin\jdk8u\hotspot\src\share\vm\prims\jni.cpp, line 710]
Event: 7586.701 Thread 0x000000001b8fe000 Exception <a 'sun/nio/fs/WindowsException'> (0x00000000e142ce28) thrown at [D:\src\AOSP-openjdk-cygwin\jdk8u\hotspot\src\share\vm\prims\jni.cpp, line 710]
Event: 7586.703 Thread 0x000000001b8fe000 Exception <a 'sun/nio/fs/WindowsException'> (0x00000000e1433aa8) thrown at [D:\src\AOSP-openjdk-cygwin\jdk8u\hotspot\src\share\vm\prims\jni.cpp, line 710]
Event: 7586.707 Thread 0x000000001b8fe000 Exception <a 'sun/nio/fs/WindowsException'> (0x00000000e153d218) thrown at [D:\src\AOSP-openjdk-cygwin\jdk8u\hotspot\src\share\vm\prims\jni.cpp, line 710]
Event: 7587.068 Thread 0x0000000023061000 Exception <a 'sun/nio/fs/WindowsException'> (0x00000000e26e7f68) thrown at [D:\src\AOSP-openjdk-cygwin\jdk8u\hotspot\src\share\vm\prims\jni.cpp, line 710]

Events (10 events):
Event: 7587.348 Thread 0x0000000016c98000 flushing nmethod 0x000000000566a390
Event: 7587.409 Thread 0x0000000016c8f800 flushing nmethod 0x00000000061b7510
Event: 7587.425 Thread 0x0000000016c8f800 flushing nmethod 0x0000000006a17050
Event: 7587.531 Executing VM operation: RevokeBias
Event: 7587.531 Executing VM operation: RevokeBias done
Event: 7587.535 Executing VM operation: RevokeBias
Event: 7587.536 Executing VM operation: RevokeBias done
Event: 7587.536 Executing VM operation: BulkRevokeBias
Event: 7587.537 Executing VM operation: BulkRevokeBias done
Event: 7588.459 Executing VM operation: ParallelGCFailedAllocation


Dynamic libraries:
0x00007ff715780000 - 0x00007ff7157b1000 	C:\Program Files\Android\Android Studio\jre\bin\java.exe
0x00007ffe75c00000 - 0x00007ffe75ded000 	C:\Windows\SYSTEM32\ntdll.dll
0x00007ffe72e30000 - 0x00007ffe72ee3000 	C:\Windows\System32\KERNEL32.DLL
0x00007ffe728f0000 - 0x00007ffe72b83000 	C:\Windows\System32\KERNELBASE.dll
0x00007ffe75240000 - 0x00007ffe752e3000 	C:\Windows\System32\ADVAPI32.dll
0x00007ffe758c0000 - 0x00007ffe7595e000 	C:\Windows\System32\msvcrt.dll
0x00007ffe74b90000 - 0x00007ffe74c2e000 	C:\Windows\System32\sechost.dll
0x00007ffe74710000 - 0x00007ffe74833000 	C:\Windows\System32\RPCRT4.dll
0x00007ffe75590000 - 0x00007ffe75727000 	C:\Windows\System32\USER32.dll
0x00007ffe72dc0000 - 0x00007ffe72de0000 	C:\Windows\System32\win32u.dll
0x00007ffe75760000 - 0x00007ffe75789000 	C:\Windows\System32\GDI32.dll
0x00007ffe71cd0000 - 0x00007ffe71e6a000 	C:\Windows\System32\gdi32full.dll
0x00007ffe71ef0000 - 0x00007ffe71f90000 	C:\Windows\System32\msvcp_win.dll
0x00007ffe72bf0000 - 0x00007ffe72cec000 	C:\Windows\System32\ucrtbase.dll
0x00007ffe665d0000 - 0x00007ffe66849000 	C:\Windows\WinSxS\amd64_microsoft.windows.common-controls_6595b64144ccf1df_6.0.17763.107_none_05b63884071e656e\COMCTL32.dll
0x00007ffe743e0000 - 0x00007ffe7470e000 	C:\Windows\System32\combase.dll
0x00007ffe71e70000 - 0x00007ffe71eee000 	C:\Windows\System32\bcryptPrimitives.dll
0x00007ffe75730000 - 0x00007ffe7575e000 	C:\Windows\System32\IMM32.DLL
0x000000006cef0000 - 0x000000006cfc2000 	C:\Program Files\Android\Android Studio\jre\jre\bin\msvcr100.dll
0x000000006cfd0000 - 0x000000006d816000 	C:\Program Files\Android\Android Studio\jre\jre\bin\server\jvm.dll
0x00007ffe74ad0000 - 0x00007ffe74ad8000 	C:\Windows\System32\PSAPI.DLL
0x00007ffe5b7f0000 - 0x00007ffe5b7f9000 	C:\Windows\SYSTEM32\WSOCK32.dll
0x00007ffe6fcc0000 - 0x00007ffe6fcca000 	C:\Windows\SYSTEM32\VERSION.dll
0x00007ffe75120000 - 0x00007ffe7518d000 	C:\Windows\System32\WS2_32.dll
0x00007ffe6dca0000 - 0x00007ffe6dcc4000 	C:\Windows\SYSTEM32\WINMM.dll
0x00007ffe6dc70000 - 0x00007ffe6dc9d000 	C:\Windows\SYSTEM32\WINMMBASE.dll
0x00007ffe72de0000 - 0x00007ffe72e2a000 	C:\Windows\System32\cfgmgr32.dll
0x00007ffe5b7e0000 - 0x00007ffe5b7ef000 	C:\Program Files\Android\Android Studio\jre\jre\bin\verify.dll
0x00007ffe5b7b0000 - 0x00007ffe5b7d9000 	C:\Program Files\Android\Android Studio\jre\jre\bin\java.dll
0x00007ffe5b790000 - 0x00007ffe5b7a6000 	C:\Program Files\Android\Android Studio\jre\jre\bin\zip.dll
0x00007ffe72ef0000 - 0x00007ffe743df000 	C:\Windows\System32\SHELL32.dll
0x00007ffe74ae0000 - 0x00007ffe74b88000 	C:\Windows\System32\shcore.dll
0x00007ffe71fc0000 - 0x00007ffe72708000 	C:\Windows\System32\windows.storage.dll
0x00007ffe71ca0000 - 0x00007ffe71cc4000 	C:\Windows\System32\profapi.dll
0x00007ffe71c00000 - 0x00007ffe71c5d000 	C:\Windows\System32\powrprof.dll
0x00007ffe75530000 - 0x00007ffe75582000 	C:\Windows\System32\shlwapi.dll
0x00007ffe71c60000 - 0x00007ffe71c71000 	C:\Windows\System32\kernel.appcore.dll
0x00007ffe72cf0000 - 0x00007ffe72d07000 	C:\Windows\System32\cryptsp.dll
0x00007ffe4c290000 - 0x00007ffe4c2aa000 	C:\Program Files\Android\Android Studio\jre\jre\bin\net.dll
0x00007ffe64a80000 - 0x00007ffe64c57000 	C:\Windows\SYSTEM32\urlmon.dll
0x00007ffe654a0000 - 0x00007ffe65748000 	C:\Windows\SYSTEM32\iertutil.dll
0x00007ffe712a0000 - 0x00007ffe712ac000 	C:\Windows\SYSTEM32\CRYPTBASE.DLL
0x00007ffe710b0000 - 0x00007ffe71117000 	C:\Windows\system32\mswsock.dll
0x00007ffe4c270000 - 0x00007ffe4c283000 	C:\Program Files\Android\Android Studio\jre\jre\bin\nio.dll
0x00007ffe70490000 - 0x00007ffe704ae000 	C:\Users\Bavadeep\.gradle\native\25\windows-amd64\native-platform.dll
0x00007ffe5b780000 - 0x00007ffe5b78d000 	C:\Program Files\Android\Android Studio\jre\jre\bin\management.dll
0x00007ffe70c70000 - 0x00007ffe70ca3000 	C:\Windows\system32\rsaenh.dll
0x00007ffe71f90000 - 0x00007ffe71fb6000 	C:\Windows\System32\bcrypt.dll
0x00007ffe71b00000 - 0x00007ffe71b28000 	C:\Windows\SYSTEM32\USERENV.dll
0x00007ffe70e10000 - 0x00007ffe70e4d000 	C:\Windows\SYSTEM32\IPHLPAPI.DLL
0x00007ffe75110000 - 0x00007ffe75118000 	C:\Windows\System32\NSI.dll
0x00007ffe68770000 - 0x00007ffe68786000 	C:\Windows\SYSTEM32\dhcpcsvc6.DLL
0x00007ffe68860000 - 0x00007ffe6887c000 	C:\Windows\SYSTEM32\dhcpcsvc.DLL
0x00007ffe70e50000 - 0x00007ffe70f16000 	C:\Windows\SYSTEM32\DNSAPI.dll
0x00007ffe4f660000 - 0x00007ffe4f684000 	C:\Program Files\Android\Android Studio\jre\jre\bin\sunec.dll
0x00007ffe65270000 - 0x00007ffe6527a000 	C:\Windows\System32\rasadhlp.dll
0x00007ffe64840000 - 0x00007ffe648b9000 	C:\Windows\System32\fwpuclnt.dll
0x00007ffe68250000 - 0x00007ffe6825b000 	C:\Program Files\Android\Android Studio\jre\jre\bin\sunmscapi.dll
0x00007ffe72710000 - 0x00007ffe728eb000 	C:\Windows\System32\CRYPT32.dll
0x00007ffe71c80000 - 0x00007ffe71c92000 	C:\Windows\System32\MSASN1.dll
0x00007ffe71740000 - 0x00007ffe7192d000 	C:\Windows\SYSTEM32\dbghelp.dll

VM Arguments:
jvm_args: -Xmx1536m -Dfile.encoding=windows-1252 -Duser.country=IN -Duser.language=en -Duser.variant 
java_command: org.gradle.launcher.daemon.bootstrap.GradleDaemon 4.10.1
java_class_path (initial): C:\Users\Bavadeep\.gradle\wrapper\dists\gradle-4.10.1-all\455itskqi2qtf0v2sja68alqd\gradle-4.10.1\lib\gradle-launcher-4.10.1.jar
Launcher Type: SUN_STANDARD

Environment Variables:
JAVA_HOME=C:\Program Files\Java\jdk
PATH=C:\Program Files (x86)\Common Files\Oracle\Java\javapath;C:\Program Files\Java\jdk-14.0.2;C:\Program Files\Java\jdk-14.0.2\bin;C:\Program Files\Java\jre1.8.0_261;"C:\Users\Bavadeep\AppData\Local\Microsoft\WindowsApps;C:\Program Files\Java\jdk\bin;C:\Program Files\Java\jre\bin";JAVA_HOME;
USERNAME=Bavadeep
OS=Windows_NT
PROCESSOR_IDENTIFIER=Intel64 Family 6 Model 69 Stepping 1, GenuineIntel



---------------  S Y S T E M  ---------------

OS: Windows 10.0 , 64 bit Build 17763 (10.0.17763.1)

CPU:total 4 (initial active 4) (2 cores per cpu, 2 threads per core) family 6 model 69 stepping 1, cmov, cx8, fxsr, mmx, sse, sse2, sse3, ssse3, sse4.1, sse4.2, popcnt, avx, avx2, aes, clmul, erms, lzcnt, ht, tsc, tscinvbit, bmi1, bmi2

Memory: 4k page, physical 8274284k(879792k free), swap 13728620k(2737496k free)

vm_info: OpenJDK 64-Bit Server VM (25.212-b04) for windows-amd64 JRE (1.8.0_212-release-1586-b04), built by "builder" with MS VC++ 10.0 (VS2010)

time: Wed Sep 02 14:45:27 2020
timezone: India Standard Time
elapsed time: 7588 seconds (0d 2h 6m 28s)

